<?xml version="1.0" encoding="UTF-8"?>
<coverage generated="1768966027660" clover="3.2.0">
  <project timestamp="1768966027660" name="All files">
    <metrics statements="513" coveredstatements="30" conditionals="479" coveredconditionals="12" methods="32" coveredmethods="1" elements="1024" coveredelements="43" complexity="0" loc="513" ncloc="513" packages="2" files="2" classes="2"/>
    <package name="config">
      <metrics statements="2" coveredstatements="2" conditionals="2" coveredconditionals="2" methods="0" coveredmethods="0"/>
      <file name="appConfig.js" path="C:\Users\deane\OneDrive\Desktop\Item-Request-Form1\item-req-backend\config\appConfig.js">
        <metrics statements="2" coveredstatements="2" conditionals="2" coveredconditionals="2" methods="0" coveredmethods="0"/>
        <line num="3" count="1" type="stmt"/>
        <line num="5" count="1" type="stmt"/>
      </file>
    </package>
    <package name="controllers">
      <metrics statements="511" coveredstatements="28" conditionals="477" coveredconditionals="10" methods="32" coveredmethods="1"/>
      <file name="requestController.js" path="C:\Users\deane\OneDrive\Desktop\Item-Request-Form1\item-req-backend\controllers\requestController.js">
        <metrics statements="511" coveredstatements="28" conditionals="477" coveredconditionals="10" methods="32" coveredmethods="1"/>
        <line num="11" count="0" type="stmt"/>
        <line num="12" count="0" type="stmt"/>
        <line num="13" count="0" type="stmt"/>
        <line num="14" count="0" type="stmt"/>
        <line num="15" count="0" type="stmt"/>
        <line num="17" count="0" type="stmt"/>
        <line num="22" count="0" type="cond" truecount="0" falsecount="2"/>
        <line num="24" count="0" type="cond" truecount="0" falsecount="4"/>
        <line num="26" count="0" type="stmt"/>
        <line num="28" count="0" type="stmt"/>
        <line num="35" count="0" type="stmt"/>
        <line num="40" count="1" type="stmt"/>
        <line num="41" count="0" type="stmt"/>
        <line num="54" count="0" type="stmt"/>
        <line num="56" count="0" type="stmt"/>
        <line num="59" count="0" type="stmt"/>
        <line num="60" count="0" type="stmt"/>
        <line num="63" count="0" type="cond" truecount="0" falsecount="2"/>
        <line num="65" count="0" type="stmt"/>
        <line num="66" count="0" type="cond" truecount="0" falsecount="2"/>
        <line num="68" count="0" type="stmt"/>
        <line num="69" count="0" type="stmt"/>
        <line num="70" count="0" type="cond" truecount="0" falsecount="2"/>
        <line num="72" count="0" type="stmt"/>
        <line num="76" count="0" type="cond" truecount="0" falsecount="2"/>
        <line num="78" count="0" type="cond" truecount="0" falsecount="4"/>
        <line num="80" count="0" type="stmt"/>
        <line num="82" count="0" type="stmt"/>
        <line num="84" count="0" type="cond" truecount="0" falsecount="2"/>
        <line num="86" count="0" type="stmt"/>
        <line num="89" count="0" type="cond" truecount="0" falsecount="4"/>
        <line num="90" count="0" type="stmt"/>
        <line num="93" count="0" type="cond" truecount="0" falsecount="2"/>
        <line num="94" count="0" type="stmt"/>
        <line num="97" count="0" type="cond" truecount="0" falsecount="4"/>
        <line num="98" count="0" type="stmt"/>
        <line num="101" count="0" type="cond" truecount="0" falsecount="2"/>
        <line num="102" count="0" type="stmt"/>
        <line num="109" count="0" type="cond" truecount="0" falsecount="4"/>
        <line num="110" count="0" type="stmt"/>
        <line num="111" count="0" type="cond" truecount="0" falsecount="2"/>
        <line num="112" count="0" type="cond" truecount="0" falsecount="2"/>
        <line num="115" count="0" type="stmt"/>
        <line num="149" count="0" type="stmt"/>
        <line num="150" count="0" type="stmt"/>
        <line num="176" count="0" type="cond" truecount="0" falsecount="2"/>
        <line num="191" count="0" type="stmt"/>
        <line num="193" count="0" type="cond" truecount="0" falsecount="2"/>
        <line num="195" count="0" type="cond" truecount="0" falsecount="4"/>
        <line num="196" count="0" type="stmt"/>
        <line num="199" count="0" type="stmt"/>
        <line num="201" count="0" type="stmt"/>
        <line num="202" count="0" type="cond" truecount="0" falsecount="4"/>
        <line num="203" count="0" type="cond" truecount="0" falsecount="4"/>
        <line num="204" count="0" type="cond" truecount="0" falsecount="4"/>
        <line num="206" count="0" type="stmt"/>
        <line num="212" count="0" type="stmt"/>
        <line num="215" count="0" type="stmt"/>
        <line num="225" count="0" type="stmt"/>
        <line num="226" count="0" type="stmt"/>
        <line num="234" count="1" type="stmt"/>
        <line num="235" count="0" type="stmt"/>
        <line num="236" count="0" type="stmt"/>
        <line num="238" count="0" type="stmt"/>
        <line num="266" count="0" type="cond" truecount="0" falsecount="2"/>
        <line num="267" count="0" type="stmt"/>
        <line num="274" count="0" type="cond" truecount="0" falsecount="4"/>
        <line num="276" count="0" type="stmt"/>
        <line num="284" count="0" type="cond" truecount="0" falsecount="6"/>
        <line num="290" count="0" type="cond" truecount="0" falsecount="2"/>
        <line num="291" count="0" type="stmt"/>
        <line num="297" count="0" type="stmt"/>
        <line num="328" count="0" type="cond" truecount="0" falsecount="2"/>
        <line num="342" count="0" type="cond" truecount="0" falsecount="2"/>
        <line num="365" count="0" type="stmt"/>
        <line num="366" count="0" type="stmt"/>
        <line num="367" count="0" type="stmt"/>
        <line num="370" count="0" type="stmt"/>
        <line num="371" count="0" type="stmt"/>
        <line num="373" count="0" type="stmt"/>
        <line num="382" count="0" type="stmt"/>
        <line num="383" count="0" type="stmt"/>
        <line num="391" count="1" type="stmt"/>
        <line num="392" count="0" type="stmt"/>
        <line num="393" count="0" type="stmt"/>
        <line num="394" count="0" type="cond" truecount="0" falsecount="2"/>
        <line num="395" count="0" type="stmt"/>
        <line num="396" count="0" type="stmt"/>
        <line num="397" count="0" type="stmt"/>
        <line num="404" count="0" type="cond" truecount="0" falsecount="2"/>
        <line num="405" count="0" type="stmt"/>
        <line num="421" count="0" type="stmt"/>
        <line num="424" count="0" type="stmt"/>
        <line num="425" count="0" type="cond" truecount="0" falsecount="2"/>
        <line num="426" count="0" type="stmt"/>
        <line num="433" count="0" type="cond" truecount="0" falsecount="2"/>
        <line num="434" count="0" type="stmt"/>
        <line num="441" count="0" type="stmt"/>
        <line num="442" count="0" type="cond" truecount="0" falsecount="4"/>
        <line num="443" count="0" type="stmt"/>
        <line num="447" count="0" type="stmt"/>
        <line num="463" count="0" type="stmt"/>
        <line num="464" count="0" type="stmt"/>
        <line num="480" count="0" type="stmt"/>
        <line num="492" count="0" type="stmt"/>
        <line num="504" count="0" type="stmt"/>
        <line num="505" count="0" type="stmt"/>
        <line num="513" count="1" type="stmt"/>
        <line num="514" count="0" type="stmt"/>
        <line num="515" count="0" type="stmt"/>
        <line num="516" count="0" type="cond" truecount="0" falsecount="2"/>
        <line num="517" count="0" type="stmt"/>
        <line num="518" count="0" type="stmt"/>
        <line num="519" count="0" type="stmt"/>
        <line num="525" count="0" type="stmt"/>
        <line num="526" count="0" type="stmt"/>
        <line num="530" count="0" type="cond" truecount="0" falsecount="2"/>
        <line num="531" count="0" type="stmt"/>
        <line num="537" count="0" type="stmt"/>
        <line num="538" count="0" type="stmt"/>
        <line num="539" count="0" type="stmt"/>
        <line num="541" count="0" type="cond" truecount="0" falsecount="2"/>
        <line num="542" count="0" type="stmt"/>
        <line num="558" count="0" type="stmt"/>
        <line num="561" count="0" type="stmt"/>
        <line num="562" count="0" type="cond" truecount="0" falsecount="2"/>
        <line num="563" count="0" type="cond" truecount="0" falsecount="2"/>
        <line num="564" count="0" type="cond" truecount="0" falsecount="2"/>
        <line num="565" count="0" type="cond" truecount="0" falsecount="2"/>
        <line num="566" count="0" type="cond" truecount="0" falsecount="2"/>
        <line num="567" count="0" type="cond" truecount="0" falsecount="2"/>
        <line num="568" count="0" type="cond" truecount="0" falsecount="2"/>
        <line num="569" count="0" type="cond" truecount="0" falsecount="4"/>
        <line num="572" count="0" type="cond" truecount="0" falsecount="2"/>
        <line num="574" count="0" type="stmt"/>
        <line num="577" count="0" type="stmt"/>
        <line num="578" count="0" type="stmt"/>
        <line num="595" count="0" type="stmt"/>
        <line num="596" count="0" type="cond" truecount="0" falsecount="4"/>
        <line num="597" count="0" type="stmt"/>
        <line num="599" count="0" type="stmt"/>
        <line num="603" count="0" type="stmt"/>
        <line num="605" count="0" type="stmt"/>
        <line num="609" count="0" type="cond" truecount="0" falsecount="2"/>
        <line num="611" count="0" type="cond" truecount="0" falsecount="2"/>
        <line num="612" count="0" type="stmt"/>
        <line num="615" count="0" type="stmt"/>
        <line num="624" count="0" type="stmt"/>
        <line num="633" count="0" type="stmt"/>
        <line num="634" count="0" type="stmt"/>
        <line num="641" count="1" type="stmt"/>
        <line num="642" count="0" type="stmt"/>
        <line num="643" count="0" type="stmt"/>
        <line num="645" count="0" type="stmt"/>
        <line num="649" count="0" type="cond" truecount="0" falsecount="2"/>
        <line num="650" count="0" type="stmt"/>
        <line num="656" count="0" type="cond" truecount="0" falsecount="4"/>
        <line num="657" count="0" type="stmt"/>
        <line num="663" count="0" type="cond" truecount="0" falsecount="4"/>
        <line num="664" count="0" type="stmt"/>
        <line num="670" count="0" type="cond" truecount="0" falsecount="4"/>
        <line num="671" count="0" type="stmt"/>
        <line num="678" count="0" type="stmt"/>
        <line num="682" count="0" type="stmt"/>
        <line num="684" count="0" type="cond" truecount="0" falsecount="5"/>
        <line num="686" count="0" type="cond" truecount="0" falsecount="4"/>
        <line num="687" count="0" type="stmt"/>
        <line num="689" count="0" type="stmt"/>
        <line num="693" count="0" type="cond" truecount="0" falsecount="2"/>
        <line num="694" count="0" type="stmt"/>
        <line num="695" count="0" type="stmt"/>
        <line num="698" count="0" type="stmt"/>
        <line num="701" count="0" type="stmt"/>
        <line num="702" count="0" type="stmt"/>
        <line num="709" count="0" type="cond" truecount="0" falsecount="2"/>
        <line num="710" count="0" type="stmt"/>
        <line num="714" count="0" type="cond" truecount="0" falsecount="2"/>
        <line num="715" count="0" type="stmt"/>
        <line num="722" count="0" type="stmt"/>
        <line num="730" count="0" type="stmt"/>
        <line num="732" count="0" type="cond" truecount="0" falsecount="4"/>
        <line num="734" count="0" type="stmt"/>
        <line num="735" count="0" type="stmt"/>
        <line num="736" count="0" type="stmt"/>
        <line num="747" count="0" type="cond" truecount="0" falsecount="4"/>
        <line num="749" count="0" type="stmt"/>
        <line num="754" count="0" type="stmt"/>
        <line num="766" count="0" type="cond" truecount="0" falsecount="2"/>
        <line num="767" count="0" type="stmt"/>
        <line num="780" count="0" type="stmt"/>
        <line num="788" count="0" type="stmt"/>
        <line num="789" count="0" type="stmt"/>
        <line num="790" count="0" type="stmt"/>
        <line num="793" count="0" type="stmt"/>
        <line num="794" count="0" type="cond" truecount="0" falsecount="2"/>
        <line num="795" count="0" type="stmt"/>
        <line num="799" count="0" type="stmt"/>
        <line num="804" count="0" type="stmt"/>
        <line num="816" count="0" type="stmt"/>
        <line num="826" count="0" type="stmt"/>
        <line num="827" count="0" type="stmt"/>
        <line num="835" count="1" type="stmt"/>
        <line num="836" count="0" type="stmt"/>
        <line num="837" count="0" type="stmt"/>
        <line num="838" count="0" type="cond" truecount="0" falsecount="2"/>
        <line num="839" count="0" type="stmt"/>
        <line num="845" count="0" type="stmt"/>
        <line num="846" count="0" type="stmt"/>
        <line num="848" count="0" type="stmt"/>
        <line num="856" count="0" type="cond" truecount="0" falsecount="2"/>
        <line num="857" count="0" type="stmt"/>
        <line num="863" count="0" type="cond" truecount="0" falsecount="4"/>
        <line num="864" count="0" type="stmt"/>
        <line num="871" count="0" type="stmt"/>
        <line num="877" count="0" type="cond" truecount="0" falsecount="2"/>
        <line num="878" count="0" type="cond" truecount="0" falsecount="4"/>
        <line num="879" count="0" type="stmt"/>
        <line num="887" count="0" type="stmt"/>
        <line num="888" count="0" type="stmt"/>
        <line num="889" count="0" type="stmt"/>
        <line num="892" count="0" type="cond" truecount="0" falsecount="2"/>
        <line num="893" count="0" type="stmt"/>
        <line num="896" count="0" type="stmt"/>
        <line num="900" count="0" type="cond" truecount="0" falsecount="4"/>
        <line num="901" count="0" type="stmt"/>
        <line num="902" count="0" type="cond" truecount="0" falsecount="2"/>
        <line num="904" count="0" type="cond" truecount="0" falsecount="4"/>
        <line num="905" count="0" type="stmt"/>
        <line num="906" count="0" type="cond" truecount="0" falsecount="2"/>
        <line num="907" count="0" type="stmt"/>
        <line num="911" count="0" type="stmt"/>
        <line num="912" count="0" type="stmt"/>
        <line num="916" count="0" type="cond" truecount="0" falsecount="3"/>
        <line num="917" count="0" type="stmt"/>
        <line num="918" count="0" type="stmt"/>
        <line num="922" count="0" type="cond" truecount="0" falsecount="4"/>
        <line num="923" count="0" type="stmt"/>
        <line num="924" count="0" type="stmt"/>
        <line num="925" count="0" type="cond" truecount="0" falsecount="4"/>
        <line num="926" count="0" type="stmt"/>
        <line num="927" count="0" type="stmt"/>
        <line num="928" count="0" type="cond" truecount="0" falsecount="4"/>
        <line num="929" count="0" type="stmt"/>
        <line num="930" count="0" type="stmt"/>
        <line num="931" count="0" type="cond" truecount="0" falsecount="4"/>
        <line num="932" count="0" type="stmt"/>
        <line num="933" count="0" type="stmt"/>
        <line num="935" count="0" type="stmt"/>
        <line num="940" count="0" type="stmt"/>
        <line num="945" count="0" type="stmt"/>
        <line num="953" count="0" type="cond" truecount="0" falsecount="2"/>
        <line num="955" count="0" type="stmt"/>
        <line num="963" count="0" type="cond" truecount="0" falsecount="2"/>
        <line num="964" count="0" type="stmt"/>
        <line num="973" count="0" type="stmt"/>
        <line num="974" count="0" type="stmt"/>
        <line num="975" count="0" type="cond" truecount="0" falsecount="2"/>
        <line num="976" count="0" type="cond" truecount="0" falsecount="2"/>
        <line num="977" count="0" type="cond" truecount="0" falsecount="2"/>
        <line num="978" count="0" type="stmt"/>
        <line num="981" count="0" type="stmt"/>
        <line num="982" count="0" type="cond" truecount="0" falsecount="2"/>
        <line num="983" count="0" type="stmt"/>
        <line num="986" count="0" type="cond" truecount="0" falsecount="2"/>
        <line num="988" count="0" type="stmt"/>
        <line num="996" count="0" type="cond" truecount="0" falsecount="4"/>
        <line num="998" count="0" type="cond" truecount="0" falsecount="2"/>
        <line num="999" count="0" type="stmt"/>
        <line num="1000" count="0" type="stmt"/>
        <line num="1001" count="0" type="stmt"/>
        <line num="1008" count="0" type="stmt"/>
        <line num="1009" count="0" type="stmt"/>
        <line num="1023" count="0" type="stmt"/>
        <line num="1031" count="0" type="stmt"/>
        <line num="1033" count="0" type="stmt"/>
        <line num="1036" count="0" type="stmt"/>
        <line num="1037" count="0" type="cond" truecount="0" falsecount="2"/>
        <line num="1038" count="0" type="stmt"/>
        <line num="1042" count="0" type="stmt"/>
        <line num="1046" count="0" type="stmt"/>
        <line num="1049" count="0" type="cond" truecount="0" falsecount="4"/>
        <line num="1050" count="0" type="stmt"/>
        <line num="1051" count="0" type="stmt"/>
        <line num="1058" count="0" type="stmt"/>
        <line num="1070" count="0" type="stmt"/>
        <line num="1079" count="0" type="stmt"/>
        <line num="1080" count="0" type="stmt"/>
        <line num="1088" count="1" type="stmt"/>
        <line num="1089" count="0" type="stmt"/>
        <line num="1090" count="0" type="stmt"/>
        <line num="1091" count="0" type="cond" truecount="0" falsecount="2"/>
        <line num="1092" count="0" type="stmt"/>
        <line num="1098" count="0" type="stmt"/>
        <line num="1099" count="0" type="stmt"/>
        <line num="1101" count="0" type="stmt"/>
        <line num="1103" count="0" type="cond" truecount="0" falsecount="2"/>
        <line num="1104" count="0" type="stmt"/>
        <line num="1110" count="0" type="cond" truecount="0" falsecount="2"/>
        <line num="1111" count="0" type="stmt"/>
        <line num="1121" count="0" type="stmt"/>
        <line num="1127" count="0" type="cond" truecount="0" falsecount="2"/>
        <line num="1128" count="0" type="cond" truecount="0" falsecount="2"/>
        <line num="1129" count="0" type="stmt"/>
        <line num="1136" count="0" type="cond" truecount="0" falsecount="2"/>
        <line num="1137" count="0" type="stmt"/>
        <line num="1138" count="0" type="cond" truecount="0" falsecount="2"/>
        <line num="1139" count="0" type="cond" truecount="0" falsecount="2"/>
        <line num="1140" count="0" type="stmt"/>
        <line num="1143" count="0" type="cond" truecount="0" falsecount="4"/>
        <line num="1144" count="0" type="stmt"/>
        <line num="1145" count="0" type="stmt"/>
        <line num="1146" count="0" type="cond" truecount="0" falsecount="4"/>
        <line num="1147" count="0" type="stmt"/>
        <line num="1148" count="0" type="stmt"/>
        <line num="1150" count="0" type="stmt"/>
        <line num="1158" count="0" type="stmt"/>
        <line num="1165" count="0" type="cond" truecount="0" falsecount="2"/>
        <line num="1166" count="0" type="stmt"/>
        <line num="1175" count="0" type="stmt"/>
        <line num="1176" count="0" type="stmt"/>
        <line num="1177" count="0" type="cond" truecount="0" falsecount="2"/>
        <line num="1178" count="0" type="stmt"/>
        <line num="1181" count="0" type="stmt"/>
        <line num="1188" count="0" type="stmt"/>
        <line num="1196" count="0" type="stmt"/>
        <line num="1197" count="0" type="stmt"/>
        <line num="1199" count="0" type="stmt"/>
        <line num="1204" count="0" type="stmt"/>
        <line num="1216" count="0" type="stmt"/>
        <line num="1225" count="0" type="stmt"/>
        <line num="1226" count="0" type="stmt"/>
        <line num="1234" count="1" type="stmt"/>
        <line num="1235" count="0" type="stmt"/>
        <line num="1236" count="0" type="stmt"/>
        <line num="1237" count="0" type="cond" truecount="0" falsecount="2"/>
        <line num="1238" count="0" type="stmt"/>
        <line num="1244" count="0" type="stmt"/>
        <line num="1245" count="0" type="cond" truecount="0" falsecount="1"/>
        <line num="1247" count="0" type="stmt"/>
        <line num="1249" count="0" type="stmt"/>
        <line num="1251" count="0" type="cond" truecount="0" falsecount="2"/>
        <line num="1252" count="0" type="stmt"/>
        <line num="1258" count="0" type="cond" truecount="0" falsecount="2"/>
        <line num="1259" count="0" type="stmt"/>
        <line num="1266" count="0" type="stmt"/>
        <line num="1269" count="0" type="stmt"/>
        <line num="1275" count="0" type="cond" truecount="0" falsecount="2"/>
        <line num="1276" count="0" type="cond" truecount="0" falsecount="2"/>
        <line num="1277" count="0" type="stmt"/>
        <line num="1284" count="0" type="cond" truecount="0" falsecount="2"/>
        <line num="1285" count="0" type="stmt"/>
        <line num="1287" count="0" type="cond" truecount="0" falsecount="4"/>
        <line num="1288" count="0" type="stmt"/>
        <line num="1290" count="0" type="stmt"/>
        <line num="1295" count="0" type="cond" truecount="0" falsecount="4"/>
        <line num="1296" count="0" type="stmt"/>
        <line num="1297" count="0" type="cond" truecount="0" falsecount="4"/>
        <line num="1298" count="0" type="stmt"/>
        <line num="1299" count="0" type="cond" truecount="0" falsecount="2"/>
        <line num="1300" count="0" type="stmt"/>
        <line num="1303" count="0" type="stmt"/>
        <line num="1311" count="0" type="stmt"/>
        <line num="1318" count="0" type="cond" truecount="0" falsecount="2"/>
        <line num="1319" count="0" type="stmt"/>
        <line num="1328" count="0" type="stmt"/>
        <line num="1329" count="0" type="stmt"/>
        <line num="1330" count="0" type="cond" truecount="0" falsecount="2"/>
        <line num="1331" count="0" type="stmt"/>
        <line num="1334" count="0" type="stmt"/>
        <line num="1337" count="0" type="cond" truecount="0" falsecount="2"/>
        <line num="1338" count="0" type="stmt"/>
        <line num="1342" count="0" type="stmt"/>
        <line num="1343" count="0" type="stmt"/>
        <line num="1345" count="0" type="stmt"/>
        <line num="1348" count="0" type="stmt"/>
        <line num="1356" count="0" type="stmt"/>
        <line num="1357" count="0" type="stmt"/>
        <line num="1359" count="0" type="stmt"/>
        <line num="1364" count="0" type="stmt"/>
        <line num="1376" count="0" type="stmt"/>
        <line num="1386" count="0" type="stmt"/>
        <line num="1387" count="0" type="stmt"/>
        <line num="1395" count="1" type="stmt"/>
        <line num="1396" count="0" type="stmt"/>
        <line num="1397" count="0" type="stmt"/>
        <line num="1399" count="0" type="stmt"/>
        <line num="1401" count="0" type="cond" truecount="0" falsecount="2"/>
        <line num="1402" count="0" type="stmt"/>
        <line num="1409" count="0" type="cond" truecount="0" falsecount="4"/>
        <line num="1410" count="0" type="stmt"/>
        <line num="1417" count="0" type="cond" truecount="0" falsecount="2"/>
        <line num="1418" count="0" type="stmt"/>
        <line num="1424" count="0" type="stmt"/>
        <line num="1426" count="0" type="stmt"/>
        <line num="1435" count="0" type="stmt"/>
        <line num="1436" count="0" type="stmt"/>
        <line num="1444" count="1" type="stmt"/>
        <line num="1445" count="4" type="stmt"/>
        <line num="1446" count="4" type="stmt"/>
        <line num="1448" count="4" type="stmt"/>
        <line num="1450" count="4" type="cond" truecount="2" falsecount="0"/>
        <line num="1451" count="1" type="stmt"/>
        <line num="1458" count="3" type="stmt"/>
        <line num="1459" count="3" type="cond" truecount="1" falsecount="1"/>
        <line num="1461" count="3" type="stmt"/>
        <line num="1463" count="3" type="cond" truecount="3" falsecount="1"/>
        <line num="1465" count="3" type="cond" truecount="2" falsecount="0"/>
        <line num="1467" count="2" type="cond" truecount="2" falsecount="0"/>
        <line num="1468" count="1" type="stmt"/>
        <line num="1474" count="1" type="stmt"/>
        <line num="1481" count="1" type="stmt"/>
        <line num="1484" count="1" type="stmt"/>
        <line num="1495" count="1" type="stmt"/>
        <line num="1503" count="0" type="stmt"/>
        <line num="1504" count="0" type="stmt"/>
        <line num="1512" count="1" type="stmt"/>
        <line num="1513" count="0" type="stmt"/>
        <line num="1514" count="0" type="stmt"/>
        <line num="1517" count="0" type="cond" truecount="0" falsecount="2"/>
        <line num="1518" count="0" type="stmt"/>
        <line num="1519" count="0" type="cond" truecount="0" falsecount="2"/>
        <line num="1520" count="0" type="stmt"/>
        <line num="1523" count="0" type="stmt"/>
        <line num="1533" count="0" type="stmt"/>
        <line num="1546" count="0" type="stmt"/>
        <line num="1547" count="0" type="stmt"/>
        <line num="1552" count="0" type="cond" truecount="0" falsecount="2"/>
        <line num="1553" count="0" type="stmt"/>
        <line num="1556" count="0" type="stmt"/>
        <line num="1557" count="0" type="stmt"/>
        <line num="1560" count="0" type="stmt"/>
        <line num="1565" count="0" type="stmt"/>
        <line num="1566" count="0" type="stmt"/>
        <line num="1574" count="1" type="stmt"/>
        <line num="1575" count="0" type="stmt"/>
        <line num="1576" count="0" type="stmt"/>
        <line num="1579" count="0" type="stmt"/>
        <line num="1613" count="0" type="cond" truecount="0" falsecount="2"/>
        <line num="1614" count="0" type="stmt"/>
        <line num="1621" count="0" type="stmt"/>
        <line num="1624" count="0" type="cond" truecount="0" falsecount="2"/>
        <line num="1625" count="0" type="stmt"/>
        <line num="1626" count="0" type="stmt"/>
        <line num="1627" count="0" type="stmt"/>
        <line num="1629" count="0" type="stmt"/>
        <line num="1637" count="0" type="cond" truecount="0" falsecount="2"/>
        <line num="1638" count="0" type="cond" truecount="0" falsecount="4"/>
        <line num="1640" count="0" type="stmt"/>
        <line num="1654" count="0" type="stmt"/>
        <line num="1655" count="0" type="stmt"/>
        <line num="1657" count="0" type="stmt"/>
        <line num="1658" count="0" type="stmt"/>
        <line num="1661" count="0" type="cond" truecount="0" falsecount="2"/>
        <line num="1662" count="0" type="stmt"/>
        <line num="1663" count="0" type="stmt"/>
        <line num="1666" count="0" type="stmt"/>
        <line num="1667" count="0" type="stmt"/>
        <line num="1668" count="0" type="stmt"/>
        <line num="1670" count="0" type="cond" truecount="0" falsecount="2"/>
        <line num="1672" count="0" type="cond" truecount="0" falsecount="3"/>
        <line num="1674" count="0" type="stmt"/>
        <line num="1675" count="0" type="cond" truecount="0" falsecount="4"/>
        <line num="1676" count="0" type="stmt"/>
        <line num="1677" count="0" type="cond" truecount="0" falsecount="2"/>
        <line num="1678" count="0" type="stmt"/>
        <line num="1679" count="0" type="cond" truecount="0" falsecount="2"/>
        <line num="1680" count="0" type="stmt"/>
        <line num="1682" count="0" type="stmt"/>
        <line num="1684" count="0" type="stmt"/>
        <line num="1685" count="0" type="cond" truecount="0" falsecount="4"/>
        <line num="1686" count="0" type="stmt"/>
        <line num="1687" count="0" type="cond" truecount="0" falsecount="2"/>
        <line num="1688" count="0" type="stmt"/>
        <line num="1689" count="0" type="cond" truecount="0" falsecount="2"/>
        <line num="1690" count="0" type="stmt"/>
        <line num="1692" count="0" type="stmt"/>
        <line num="1694" count="0" type="stmt"/>
        <line num="1695" count="0" type="cond" truecount="0" falsecount="4"/>
        <line num="1696" count="0" type="stmt"/>
        <line num="1697" count="0" type="cond" truecount="0" falsecount="2"/>
        <line num="1700" count="0" type="cond" truecount="0" falsecount="2"/>
        <line num="1701" count="0" type="stmt"/>
        <line num="1703" count="0" type="stmt"/>
        <line num="1705" count="0" type="cond" truecount="0" falsecount="2"/>
        <line num="1706" count="0" type="stmt"/>
        <line num="1708" count="0" type="stmt"/>
        <line num="1715" count="0" type="cond" truecount="0" falsecount="2"/>
        <line num="1716" count="0" type="cond" truecount="0" falsecount="2"/>
        <line num="1719" count="0" type="cond" truecount="0" falsecount="5"/>
        <line num="1722" count="0" type="stmt"/>
        <line num="1725" count="0" type="cond" truecount="0" falsecount="2"/>
        <line num="1727" count="0" type="cond" truecount="0" falsecount="2"/>
        <line num="1728" count="0" type="stmt"/>
        <line num="1732" count="0" type="stmt"/>
        <line num="1733" count="0" type="cond" truecount="0" falsecount="4"/>
        <line num="1734" count="0" type="stmt"/>
        <line num="1735" count="0" type="cond" truecount="0" falsecount="4"/>
        <line num="1736" count="0" type="stmt"/>
        <line num="1737" count="0" type="cond" truecount="0" falsecount="4"/>
        <line num="1739" count="0" type="stmt"/>
        <line num="1742" count="0" type="stmt"/>
        <line num="1760" count="0" type="stmt"/>
        <line num="1763" count="0" type="cond" truecount="0" falsecount="2"/>
        <line num="1764" count="0" type="stmt"/>
        <line num="1765" count="0" type="stmt"/>
        <line num="1766" count="0" type="stmt"/>
        <line num="1772" count="0" type="cond" truecount="0" falsecount="3"/>
        <line num="1776" count="0" type="stmt"/>
        <line num="1785" count="0" type="stmt"/>
        <line num="1793" count="0" type="stmt"/>
        <line num="1794" count="0" type="stmt"/>
      </file>
    </package>
  </project>
</coverage>
