{"C:\\Users\\deane\\OneDrive\\Desktop\\Item-Request-Form1\\item-req-backend\\config\\appConfig.js": {"path":"C:\\Users\\deane\\OneDrive\\Desktop\\Item-Request-Form1\\item-req-backend\\config\\appConfig.js","statementMap":{"0":{"start":{"line":3,"column":0},"end":{"line":3,"column":16}},"1":{"start":{"line":5,"column":26},"end":{"line":8,"column":1}}},"fnMap":{},"branchMap":{"0":{"loc":{"start":{"line":7,"column":34},"end":{"line":7,"column":84}},"type":"binary-expr","locations":[{"start":{"line":7,"column":34},"end":{"line":7,"column":74}},{"start":{"line":7,"column":78},"end":{"line":7,"column":84}}],"line":7}},"s":{"0":1,"1":1},"f":{},"b":{"0":[1,1]},"inputSourceMap":null,"_coverageSchema":"1a1c01bbd47fc00a2c39e90264f33305004495a9","hash":"87d780c2e5a29345ac5b98fe96de8b2b61397245"}
,"C:\\Users\\deane\\OneDrive\\Desktop\\Item-Request-Form1\\item-req-backend\\controllers\\requestController.js": {"path":"C:\\Users\\deane\\OneDrive\\Desktop\\Item-Request-Form1\\item-req-backend\\controllers\\requestController.js","statementMap":{"0":{"start":{"line":11,"column":16},"end":{"line":11,"column":26}},"1":{"start":{"line":12,"column":17},"end":{"line":12,"column":34}},"2":{"start":{"line":13,"column":18},"end":{"line":13,"column":61}},"3":{"start":{"line":14,"column":16},"end":{"line":14,"column":54}},"4":{"start":{"line":15,"column":22},"end":{"line":15,"column":56}},"5":{"start":{"line":17,"column":4},"end":{"line":17,"column":52}},"6":{"start":{"line":22,"column":18},"end":{"line":22,"column":69}},"7":{"start":{"line":24,"column":4},"end":{"line":36,"column":5}},"8":{"start":{"line":26,"column":12},"end":{"line":26,"column":63}},"9":{"start":{"line":28,"column":12},"end":{"line":32,"column":14}},"10":{"start":{"line":35,"column":12},"end":{"line":35,"column":43}},"11":{"start":{"line":40,"column":30},"end":{"line":231,"column":1}},"12":{"start":{"line":41,"column":4},"end":{"line":230,"column":5}},"13":{"start":{"line":54,"column":12},"end":{"line":54,"column":21}},"14":{"start":{"line":56,"column":23},"end":{"line":56,"column":61}},"15":{"start":{"line":59,"column":26},"end":{"line":59,"column":28}},"16":{"start":{"line":60,"column":28},"end":{"line":60,"column":33}},"17":{"start":{"line":63,"column":8},"end":{"line":73,"column":9}},"18":{"start":{"line":65,"column":12},"end":{"line":65,"column":51}},"19":{"start":{"line":66,"column":15},"end":{"line":73,"column":9}},"20":{"start":{"line":68,"column":12},"end":{"line":68,"column":63}},"21":{"start":{"line":69,"column":12},"end":{"line":69,"column":33}},"22":{"start":{"line":70,"column":15},"end":{"line":73,"column":9}},"23":{"start":{"line":72,"column":12},"end":{"line":72,"column":33}},"24":{"start":{"line":76,"column":8},"end":{"line":87,"column":9}},"25":{"start":{"line":78,"column":12},"end":{"line":83,"column":13}},"26":{"start":{"line":80,"column":16},"end":{"line":80,"column":37}},"27":{"start":{"line":82,"column":16},"end":{"line":82,"column":44}},"28":{"start":{"line":84,"column":15},"end":{"line":87,"column":9}},"29":{"start":{"line":86,"column":12},"end":{"line":86,"column":54}},"30":{"start":{"line":89,"column":8},"end":{"line":91,"column":9}},"31":{"start":{"line":90,"column":12},"end":{"line":90,"column":51}},"32":{"start":{"line":93,"column":8},"end":{"line":95,"column":9}},"33":{"start":{"line":94,"column":12},"end":{"line":94,"column":44}},"34":{"start":{"line":97,"column":8},"end":{"line":99,"column":9}},"35":{"start":{"line":98,"column":12},"end":{"line":98,"column":49}},"36":{"start":{"line":101,"column":8},"end":{"line":107,"column":9}},"37":{"start":{"line":102,"column":12},"end":{"line":106,"column":14}},"38":{"start":{"line":109,"column":8},"end":{"line":113,"column":9}},"39":{"start":{"line":110,"column":12},"end":{"line":110,"column":42}},"40":{"start":{"line":111,"column":12},"end":{"line":111,"column":80}},"41":{"start":{"line":111,"column":26},"end":{"line":111,"column":80}},"42":{"start":{"line":112,"column":12},"end":{"line":112,"column":90}},"43":{"start":{"line":112,"column":24},"end":{"line":112,"column":90}},"44":{"start":{"line":115,"column":42},"end":{"line":146,"column":10}},"45":{"start":{"line":149,"column":31},"end":{"line":213,"column":11}},"46":{"start":{"line":150,"column":32},"end":{"line":188,"column":13}},"47":{"start":{"line":176,"column":63},"end":{"line":187,"column":17}},"48":{"start":{"line":191,"column":12},"end":{"line":191,"column":52}},"49":{"start":{"line":193,"column":12},"end":{"line":211,"column":13}},"50":{"start":{"line":195,"column":16},"end":{"line":210,"column":17}},"51":{"start":{"line":196,"column":20},"end":{"line":196,"column":105}},"52":{"start":{"line":199,"column":20},"end":{"line":209,"column":21}},"53":{"start":{"line":201,"column":41},"end":{"line":201,"column":46}},"54":{"start":{"line":202,"column":24},"end":{"line":204,"column":161}},"55":{"start":{"line":202,"column":119},"end":{"line":202,"column":137}},"56":{"start":{"line":203,"column":29},"end":{"line":204,"column":161}},"57":{"start":{"line":203,"column":111},"end":{"line":203,"column":129}},"58":{"start":{"line":204,"column":29},"end":{"line":204,"column":161}},"59":{"start":{"line":204,"column":143},"end":{"line":204,"column":161}},"60":{"start":{"line":206,"column":24},"end":{"line":206,"column":69}},"61":{"start":{"line":212,"column":12},"end":{"line":212,"column":31}},"62":{"start":{"line":215,"column":8},"end":{"line":223,"column":11}},"63":{"start":{"line":225,"column":8},"end":{"line":225,"column":57}},"64":{"start":{"line":226,"column":8},"end":{"line":229,"column":11}},"65":{"start":{"line":234,"column":30},"end":{"line":388,"column":1}},"66":{"start":{"line":235,"column":4},"end":{"line":387,"column":5}},"67":{"start":{"line":236,"column":23},"end":{"line":236,"column":33}},"68":{"start":{"line":238,"column":24},"end":{"line":264,"column":10}},"69":{"start":{"line":266,"column":8},"end":{"line":271,"column":9}},"70":{"start":{"line":267,"column":12},"end":{"line":270,"column":15}},"71":{"start":{"line":274,"column":8},"end":{"line":280,"column":9}},"72":{"start":{"line":276,"column":12},"end":{"line":279,"column":15}},"73":{"start":{"line":284,"column":12},"end":{"line":288,"column":105}},"74":{"start":{"line":290,"column":8},"end":{"line":295,"column":9}},"75":{"start":{"line":291,"column":12},"end":{"line":294,"column":15}},"76":{"start":{"line":297,"column":8},"end":{"line":380,"column":11}},"77":{"start":{"line":328,"column":51},"end":{"line":341,"column":17}},"78":{"start":{"line":342,"column":63},"end":{"line":363,"column":17}},"79":{"start":{"line":365,"column":36},"end":{"line":365,"column":67}},"80":{"start":{"line":366,"column":39},"end":{"line":366,"column":72}},"81":{"start":{"line":367,"column":39},"end":{"line":367,"column":73}},"82":{"start":{"line":370,"column":20},"end":{"line":370,"column":114}},"83":{"start":{"line":371,"column":20},"end":{"line":371,"column":123}},"84":{"start":{"line":373,"column":20},"end":{"line":377,"column":22}},"85":{"start":{"line":382,"column":8},"end":{"line":382,"column":56}},"86":{"start":{"line":383,"column":8},"end":{"line":386,"column":11}},"87":{"start":{"line":391,"column":29},"end":{"line":510,"column":1}},"88":{"start":{"line":392,"column":4},"end":{"line":509,"column":5}},"89":{"start":{"line":393,"column":23},"end":{"line":393,"column":44}},"90":{"start":{"line":394,"column":8},"end":{"line":401,"column":9}},"91":{"start":{"line":395,"column":12},"end":{"line":395,"column":104}},"92":{"start":{"line":396,"column":12},"end":{"line":396,"column":78}},"93":{"start":{"line":397,"column":12},"end":{"line":400,"column":15}},"94":{"start":{"line":404,"column":8},"end":{"line":409,"column":9}},"95":{"start":{"line":405,"column":12},"end":{"line":408,"column":15}},"96":{"start":{"line":421,"column":12},"end":{"line":421,"column":20}},"97":{"start":{"line":424,"column":27},"end":{"line":424,"column":66}},"98":{"start":{"line":425,"column":8},"end":{"line":430,"column":9}},"99":{"start":{"line":426,"column":12},"end":{"line":429,"column":15}},"100":{"start":{"line":433,"column":8},"end":{"line":438,"column":9}},"101":{"start":{"line":434,"column":12},"end":{"line":437,"column":15}},"102":{"start":{"line":441,"column":26},"end":{"line":444,"column":13}},"103":{"start":{"line":442,"column":29},"end":{"line":442,"column":95}},"104":{"start":{"line":443,"column":12},"end":{"line":443,"column":34}},"105":{"start":{"line":447,"column":24},"end":{"line":460,"column":10}},"106":{"start":{"line":463,"column":29},"end":{"line":478,"column":9}},"107":{"start":{"line":464,"column":30},"end":{"line":477,"column":14}},"108":{"start":{"line":480,"column":8},"end":{"line":489,"column":11}},"109":{"start":{"line":492,"column":8},"end":{"line":502,"column":11}},"110":{"start":{"line":504,"column":8},"end":{"line":504,"column":56}},"111":{"start":{"line":505,"column":8},"end":{"line":508,"column":11}},"112":{"start":{"line":513,"column":29},"end":{"line":639,"column":1}},"113":{"start":{"line":514,"column":4},"end":{"line":638,"column":5}},"114":{"start":{"line":515,"column":23},"end":{"line":515,"column":44}},"115":{"start":{"line":516,"column":8},"end":{"line":523,"column":9}},"116":{"start":{"line":517,"column":12},"end":{"line":517,"column":104}},"117":{"start":{"line":518,"column":12},"end":{"line":518,"column":78}},"118":{"start":{"line":519,"column":12},"end":{"line":522,"column":15}},"119":{"start":{"line":525,"column":23},"end":{"line":525,"column":33}},"120":{"start":{"line":526,"column":24},"end":{"line":528,"column":10}},"121":{"start":{"line":530,"column":8},"end":{"line":535,"column":9}},"122":{"start":{"line":531,"column":12},"end":{"line":534,"column":15}},"123":{"start":{"line":537,"column":8},"end":{"line":537,"column":146}},"124":{"start":{"line":538,"column":24},"end":{"line":538,"column":55}},"125":{"start":{"line":539,"column":8},"end":{"line":539,"column":42}},"126":{"start":{"line":541,"column":8},"end":{"line":546,"column":9}},"127":{"start":{"line":542,"column":12},"end":{"line":545,"column":15}},"128":{"start":{"line":558,"column":12},"end":{"line":558,"column":20}},"129":{"start":{"line":561,"column":27},"end":{"line":561,"column":29}},"130":{"start":{"line":562,"column":8},"end":{"line":562,"column":68}},"131":{"start":{"line":562,"column":36},"end":{"line":562,"column":68}},"132":{"start":{"line":563,"column":8},"end":{"line":563,"column":80}},"133":{"start":{"line":563,"column":40},"end":{"line":563,"column":80}},"134":{"start":{"line":564,"column":8},"end":{"line":564,"column":80}},"135":{"start":{"line":564,"column":40},"end":{"line":564,"column":80}},"136":{"start":{"line":565,"column":8},"end":{"line":565,"column":80}},"137":{"start":{"line":565,"column":40},"end":{"line":565,"column":80}},"138":{"start":{"line":566,"column":8},"end":{"line":566,"column":61}},"139":{"start":{"line":566,"column":34},"end":{"line":566,"column":61}},"140":{"start":{"line":567,"column":8},"end":{"line":567,"column":67}},"141":{"start":{"line":567,"column":36},"end":{"line":567,"column":67}},"142":{"start":{"line":568,"column":8},"end":{"line":568,"column":67}},"143":{"start":{"line":568,"column":36},"end":{"line":568,"column":67}},"144":{"start":{"line":569,"column":8},"end":{"line":569,"column":106}},"145":{"start":{"line":569,"column":46},"end":{"line":569,"column":106}},"146":{"start":{"line":572,"column":8},"end":{"line":600,"column":9}},"147":{"start":{"line":574,"column":12},"end":{"line":574,"column":69}},"148":{"start":{"line":577,"column":12},"end":{"line":592,"column":14}},"149":{"start":{"line":578,"column":34},"end":{"line":591,"column":18}},"150":{"start":{"line":595,"column":30},"end":{"line":598,"column":17}},"151":{"start":{"line":596,"column":33},"end":{"line":596,"column":99}},"152":{"start":{"line":597,"column":16},"end":{"line":597,"column":38}},"153":{"start":{"line":599,"column":12},"end":{"line":599,"column":56}},"154":{"start":{"line":603,"column":24},"end":{"line":603,"column":61}},"155":{"start":{"line":605,"column":8},"end":{"line":605,"column":41}},"156":{"start":{"line":609,"column":8},"end":{"line":622,"column":9}},"157":{"start":{"line":611,"column":12},"end":{"line":613,"column":13}},"158":{"start":{"line":612,"column":16},"end":{"line":612,"column":61}},"159":{"start":{"line":615,"column":12},"end":{"line":621,"column":15}},"160":{"start":{"line":624,"column":8},"end":{"line":631,"column":11}},"161":{"start":{"line":633,"column":8},"end":{"line":633,"column":56}},"162":{"start":{"line":634,"column":8},"end":{"line":637,"column":11}},"163":{"start":{"line":641,"column":29},"end":{"line":832,"column":1}},"164":{"start":{"line":642,"column":4},"end":{"line":831,"column":5}},"165":{"start":{"line":643,"column":23},"end":{"line":643,"column":33}},"166":{"start":{"line":645,"column":24},"end":{"line":647,"column":10}},"167":{"start":{"line":649,"column":8},"end":{"line":654,"column":9}},"168":{"start":{"line":650,"column":12},"end":{"line":653,"column":15}},"169":{"start":{"line":656,"column":8},"end":{"line":661,"column":9}},"170":{"start":{"line":657,"column":12},"end":{"line":660,"column":15}},"171":{"start":{"line":663,"column":8},"end":{"line":668,"column":9}},"172":{"start":{"line":664,"column":12},"end":{"line":667,"column":15}},"173":{"start":{"line":670,"column":8},"end":{"line":675,"column":9}},"174":{"start":{"line":671,"column":12},"end":{"line":674,"column":15}},"175":{"start":{"line":678,"column":31},"end":{"line":680,"column":10}},"176":{"start":{"line":682,"column":28},"end":{"line":682,"column":30}},"177":{"start":{"line":684,"column":8},"end":{"line":712,"column":9}},"178":{"start":{"line":686,"column":12},"end":{"line":690,"column":13}},"179":{"start":{"line":687,"column":16},"end":{"line":687,"column":57}},"180":{"start":{"line":689,"column":16},"end":{"line":689,"column":58}},"181":{"start":{"line":693,"column":12},"end":{"line":696,"column":13}},"182":{"start":{"line":694,"column":16},"end":{"line":694,"column":65}},"183":{"start":{"line":695,"column":16},"end":{"line":695,"column":76}},"184":{"start":{"line":695,"column":70},"end":{"line":695,"column":74}},"185":{"start":{"line":698,"column":12},"end":{"line":698,"column":127}},"186":{"start":{"line":701,"column":12},"end":{"line":701,"column":80}},"187":{"start":{"line":702,"column":37},"end":{"line":708,"column":14}},"188":{"start":{"line":709,"column":12},"end":{"line":711,"column":13}},"189":{"start":{"line":710,"column":16},"end":{"line":710,"column":51}},"190":{"start":{"line":714,"column":8},"end":{"line":719,"column":9}},"191":{"start":{"line":715,"column":12},"end":{"line":718,"column":15}},"192":{"start":{"line":722,"column":8},"end":{"line":727,"column":11}},"193":{"start":{"line":730,"column":33},"end":{"line":730,"column":54}},"194":{"start":{"line":732,"column":8},"end":{"line":777,"column":9}},"195":{"start":{"line":734,"column":12},"end":{"line":734,"column":117}},"196":{"start":{"line":735,"column":12},"end":{"line":751,"column":13}},"197":{"start":{"line":736,"column":39},"end":{"line":745,"column":18}},"198":{"start":{"line":747,"column":16},"end":{"line":750,"column":17}},"199":{"start":{"line":749,"column":20},"end":{"line":749,"column":98}},"200":{"start":{"line":754,"column":40},"end":{"line":763,"column":14}},"201":{"start":{"line":766,"column":12},"end":{"line":776,"column":13}},"202":{"start":{"line":767,"column":16},"end":{"line":775,"column":19}},"203":{"start":{"line":780,"column":37},"end":{"line":785,"column":10}},"204":{"start":{"line":788,"column":8},"end":{"line":801,"column":9}},"205":{"start":{"line":789,"column":36},"end":{"line":789,"column":52}},"206":{"start":{"line":790,"column":12},"end":{"line":790,"column":125}},"207":{"start":{"line":793,"column":12},"end":{"line":797,"column":13}},"208":{"start":{"line":794,"column":16},"end":{"line":796,"column":17}},"209":{"start":{"line":795,"column":20},"end":{"line":795,"column":126}},"210":{"start":{"line":799,"column":12},"end":{"line":799,"column":77}},"211":{"start":{"line":804,"column":8},"end":{"line":814,"column":11}},"212":{"start":{"line":816,"column":8},"end":{"line":824,"column":11}},"213":{"start":{"line":826,"column":8},"end":{"line":826,"column":58}},"214":{"start":{"line":827,"column":8},"end":{"line":830,"column":11}},"215":{"start":{"line":835,"column":30},"end":{"line":1085,"column":1}},"216":{"start":{"line":836,"column":4},"end":{"line":1084,"column":5}},"217":{"start":{"line":837,"column":23},"end":{"line":837,"column":44}},"218":{"start":{"line":838,"column":8},"end":{"line":843,"column":9}},"219":{"start":{"line":839,"column":12},"end":{"line":842,"column":15}},"220":{"start":{"line":845,"column":23},"end":{"line":845,"column":33}},"221":{"start":{"line":846,"column":82},"end":{"line":846,"column":90}},"222":{"start":{"line":848,"column":24},"end":{"line":854,"column":10}},"223":{"start":{"line":856,"column":8},"end":{"line":861,"column":9}},"224":{"start":{"line":857,"column":12},"end":{"line":860,"column":15}},"225":{"start":{"line":863,"column":8},"end":{"line":868,"column":9}},"226":{"start":{"line":864,"column":12},"end":{"line":867,"column":15}},"227":{"start":{"line":871,"column":28},"end":{"line":874,"column":10}},"228":{"start":{"line":877,"column":8},"end":{"line":884,"column":9}},"229":{"start":{"line":878,"column":12},"end":{"line":883,"column":13}},"230":{"start":{"line":879,"column":16},"end":{"line":882,"column":19}},"231":{"start":{"line":887,"column":24},"end":{"line":887,"column":35}},"232":{"start":{"line":888,"column":23},"end":{"line":888,"column":27}},"233":{"start":{"line":889,"column":28},"end":{"line":889,"column":30}},"234":{"start":{"line":892,"column":8},"end":{"line":941,"column":9}},"235":{"start":{"line":893,"column":12},"end":{"line":893,"column":82}},"236":{"start":{"line":896,"column":35},"end":{"line":898,"column":38}},"237":{"start":{"line":900,"column":12},"end":{"line":919,"column":13}},"238":{"start":{"line":901,"column":16},"end":{"line":901,"column":47}},"239":{"start":{"line":902,"column":16},"end":{"line":902,"column":79}},"240":{"start":{"line":904,"column":16},"end":{"line":908,"column":17}},"241":{"start":{"line":905,"column":20},"end":{"line":905,"column":61}},"242":{"start":{"line":906,"column":23},"end":{"line":908,"column":17}},"243":{"start":{"line":907,"column":20},"end":{"line":907,"column":62}},"244":{"start":{"line":911,"column":16},"end":{"line":911,"column":54}},"245":{"start":{"line":912,"column":16},"end":{"line":912,"column":76}},"246":{"start":{"line":912,"column":70},"end":{"line":912,"column":74}},"247":{"start":{"line":916,"column":16},"end":{"line":916,"column":110}},"248":{"start":{"line":917,"column":16},"end":{"line":917,"column":47}},"249":{"start":{"line":918,"column":16},"end":{"line":918,"column":50}},"250":{"start":{"line":922,"column":12},"end":{"line":939,"column":13}},"251":{"start":{"line":923,"column":16},"end":{"line":923,"column":53}},"252":{"start":{"line":924,"column":16},"end":{"line":924,"column":50}},"253":{"start":{"line":925,"column":19},"end":{"line":939,"column":13}},"254":{"start":{"line":926,"column":16},"end":{"line":926,"column":53}},"255":{"start":{"line":927,"column":16},"end":{"line":927,"column":50}},"256":{"start":{"line":928,"column":19},"end":{"line":939,"column":13}},"257":{"start":{"line":929,"column":16},"end":{"line":929,"column":57}},"258":{"start":{"line":930,"column":16},"end":{"line":930,"column":54}},"259":{"start":{"line":931,"column":19},"end":{"line":939,"column":13}},"260":{"start":{"line":932,"column":16},"end":{"line":932,"column":57}},"261":{"start":{"line":933,"column":16},"end":{"line":933,"column":40}},"262":{"start":{"line":935,"column":16},"end":{"line":938,"column":19}},"263":{"start":{"line":940,"column":12},"end":{"line":940,"column":46}},"264":{"start":{"line":945,"column":23},"end":{"line":951,"column":10}},"265":{"start":{"line":953,"column":8},"end":{"line":961,"column":9}},"266":{"start":{"line":955,"column":12},"end":{"line":960,"column":15}},"267":{"start":{"line":963,"column":8},"end":{"line":970,"column":9}},"268":{"start":{"line":964,"column":12},"end":{"line":969,"column":15}},"269":{"start":{"line":973,"column":8},"end":{"line":973,"column":35}},"270":{"start":{"line":974,"column":8},"end":{"line":974,"column":43}},"271":{"start":{"line":975,"column":8},"end":{"line":975,"column":98}},"272":{"start":{"line":975,"column":37},"end":{"line":975,"column":98}},"273":{"start":{"line":976,"column":8},"end":{"line":976,"column":73}},"274":{"start":{"line":976,"column":29},"end":{"line":976,"column":73}},"275":{"start":{"line":977,"column":8},"end":{"line":977,"column":54}},"276":{"start":{"line":977,"column":23},"end":{"line":977,"column":54}},"277":{"start":{"line":978,"column":8},"end":{"line":978,"column":30}},"278":{"start":{"line":981,"column":29},"end":{"line":981,"column":33}},"279":{"start":{"line":982,"column":8},"end":{"line":984,"column":9}},"280":{"start":{"line":983,"column":12},"end":{"line":983,"column":80}},"281":{"start":{"line":986,"column":8},"end":{"line":1055,"column":9}},"282":{"start":{"line":988,"column":12},"end":{"line":993,"column":15}},"283":{"start":{"line":996,"column":12},"end":{"line":1020,"column":13}},"284":{"start":{"line":998,"column":16},"end":{"line":1019,"column":17}},"285":{"start":{"line":999,"column":37},"end":{"line":999,"column":88}},"286":{"start":{"line":1000,"column":20},"end":{"line":1005,"column":21}},"287":{"start":{"line":1001,"column":24},"end":{"line":1004,"column":27}},"288":{"start":{"line":1008,"column":37},"end":{"line":1008,"column":88}},"289":{"start":{"line":1009,"column":20},"end":{"line":1018,"column":23}},"290":{"start":{"line":1023,"column":12},"end":{"line":1028,"column":15}},"291":{"start":{"line":1031,"column":12},"end":{"line":1044,"column":13}},"292":{"start":{"line":1033,"column":16},"end":{"line":1033,"column":109}},"293":{"start":{"line":1036,"column":16},"end":{"line":1040,"column":17}},"294":{"start":{"line":1037,"column":20},"end":{"line":1039,"column":21}},"295":{"start":{"line":1038,"column":24},"end":{"line":1038,"column":104}},"296":{"start":{"line":1042,"column":16},"end":{"line":1042,"column":81}},"297":{"start":{"line":1046,"column":12},"end":{"line":1046,"column":102}},"298":{"start":{"line":1049,"column":12},"end":{"line":1054,"column":13}},"299":{"start":{"line":1050,"column":39},"end":{"line":1050,"column":100}},"300":{"start":{"line":1050,"column":81},"end":{"line":1050,"column":99}},"301":{"start":{"line":1051,"column":16},"end":{"line":1053,"column":19}},"302":{"start":{"line":1058,"column":8},"end":{"line":1068,"column":11}},"303":{"start":{"line":1070,"column":8},"end":{"line":1077,"column":11}},"304":{"start":{"line":1079,"column":8},"end":{"line":1079,"column":57}},"305":{"start":{"line":1080,"column":8},"end":{"line":1083,"column":11}},"306":{"start":{"line":1088,"column":30},"end":{"line":1231,"column":1}},"307":{"start":{"line":1089,"column":4},"end":{"line":1230,"column":5}},"308":{"start":{"line":1090,"column":23},"end":{"line":1090,"column":44}},"309":{"start":{"line":1091,"column":8},"end":{"line":1096,"column":9}},"310":{"start":{"line":1092,"column":12},"end":{"line":1095,"column":15}},"311":{"start":{"line":1098,"column":23},"end":{"line":1098,"column":33}},"312":{"start":{"line":1099,"column":40},"end":{"line":1099,"column":48}},"313":{"start":{"line":1101,"column":24},"end":{"line":1101,"column":50}},"314":{"start":{"line":1103,"column":8},"end":{"line":1108,"column":9}},"315":{"start":{"line":1104,"column":12},"end":{"line":1107,"column":15}},"316":{"start":{"line":1110,"column":8},"end":{"line":1115,"column":9}},"317":{"start":{"line":1111,"column":12},"end":{"line":1114,"column":15}},"318":{"start":{"line":1121,"column":28},"end":{"line":1124,"column":10}},"319":{"start":{"line":1127,"column":8},"end":{"line":1134,"column":9}},"320":{"start":{"line":1128,"column":12},"end":{"line":1133,"column":13}},"321":{"start":{"line":1129,"column":16},"end":{"line":1132,"column":19}},"322":{"start":{"line":1136,"column":8},"end":{"line":1155,"column":9}},"323":{"start":{"line":1137,"column":12},"end":{"line":1137,"column":82}},"324":{"start":{"line":1138,"column":12},"end":{"line":1140,"column":40}},"325":{"start":{"line":1138,"column":62},"end":{"line":1138,"column":96}},"326":{"start":{"line":1139,"column":17},"end":{"line":1140,"column":40}},"327":{"start":{"line":1139,"column":67},"end":{"line":1139,"column":101}},"328":{"start":{"line":1140,"column":17},"end":{"line":1140,"column":40}},"329":{"start":{"line":1143,"column":12},"end":{"line":1154,"column":13}},"330":{"start":{"line":1144,"column":16},"end":{"line":1144,"column":53}},"331":{"start":{"line":1145,"column":16},"end":{"line":1145,"column":50}},"332":{"start":{"line":1146,"column":19},"end":{"line":1154,"column":13}},"333":{"start":{"line":1147,"column":16},"end":{"line":1147,"column":53}},"334":{"start":{"line":1148,"column":16},"end":{"line":1148,"column":50}},"335":{"start":{"line":1150,"column":16},"end":{"line":1153,"column":19}},"336":{"start":{"line":1158,"column":23},"end":{"line":1163,"column":10}},"337":{"start":{"line":1165,"column":8},"end":{"line":1172,"column":9}},"338":{"start":{"line":1166,"column":12},"end":{"line":1171,"column":15}},"339":{"start":{"line":1175,"column":8},"end":{"line":1175,"column":35}},"340":{"start":{"line":1176,"column":8},"end":{"line":1176,"column":43}},"341":{"start":{"line":1177,"column":8},"end":{"line":1177,"column":54}},"342":{"start":{"line":1177,"column":23},"end":{"line":1177,"column":54}},"343":{"start":{"line":1178,"column":8},"end":{"line":1178,"column":30}},"344":{"start":{"line":1181,"column":8},"end":{"line":1185,"column":11}},"345":{"start":{"line":1188,"column":8},"end":{"line":1193,"column":11}},"346":{"start":{"line":1196,"column":8},"end":{"line":1201,"column":9}},"347":{"start":{"line":1197,"column":12},"end":{"line":1197,"column":101}},"348":{"start":{"line":1199,"column":12},"end":{"line":1199,"column":76}},"349":{"start":{"line":1204,"column":8},"end":{"line":1214,"column":11}},"350":{"start":{"line":1216,"column":8},"end":{"line":1223,"column":11}},"351":{"start":{"line":1225,"column":8},"end":{"line":1225,"column":57}},"352":{"start":{"line":1226,"column":8},"end":{"line":1229,"column":11}},"353":{"start":{"line":1234,"column":29},"end":{"line":1392,"column":1}},"354":{"start":{"line":1235,"column":4},"end":{"line":1391,"column":5}},"355":{"start":{"line":1236,"column":23},"end":{"line":1236,"column":44}},"356":{"start":{"line":1237,"column":8},"end":{"line":1242,"column":9}},"357":{"start":{"line":1238,"column":12},"end":{"line":1241,"column":15}},"358":{"start":{"line":1244,"column":23},"end":{"line":1244,"column":33}},"359":{"start":{"line":1245,"column":68},"end":{"line":1245,"column":76}},"360":{"start":{"line":1247,"column":8},"end":{"line":1247,"column":96}},"361":{"start":{"line":1249,"column":24},"end":{"line":1249,"column":50}},"362":{"start":{"line":1251,"column":8},"end":{"line":1256,"column":9}},"363":{"start":{"line":1252,"column":12},"end":{"line":1255,"column":15}},"364":{"start":{"line":1258,"column":8},"end":{"line":1263,"column":9}},"365":{"start":{"line":1259,"column":12},"end":{"line":1262,"column":15}},"366":{"start":{"line":1266,"column":24},"end":{"line":1266,"column":34}},"367":{"start":{"line":1269,"column":28},"end":{"line":1272,"column":10}},"368":{"start":{"line":1275,"column":8},"end":{"line":1282,"column":9}},"369":{"start":{"line":1276,"column":12},"end":{"line":1281,"column":13}},"370":{"start":{"line":1277,"column":16},"end":{"line":1280,"column":19}},"371":{"start":{"line":1284,"column":8},"end":{"line":1308,"column":9}},"372":{"start":{"line":1285,"column":12},"end":{"line":1285,"column":82}},"373":{"start":{"line":1287,"column":12},"end":{"line":1291,"column":13}},"374":{"start":{"line":1288,"column":16},"end":{"line":1288,"column":40}},"375":{"start":{"line":1290,"column":16},"end":{"line":1290,"column":39}},"376":{"start":{"line":1295,"column":12},"end":{"line":1307,"column":13}},"377":{"start":{"line":1296,"column":16},"end":{"line":1296,"column":53}},"378":{"start":{"line":1297,"column":19},"end":{"line":1307,"column":13}},"379":{"start":{"line":1298,"column":16},"end":{"line":1298,"column":53}},"380":{"start":{"line":1299,"column":16},"end":{"line":1301,"column":17}},"381":{"start":{"line":1300,"column":20},"end":{"line":1300,"column":44}},"382":{"start":{"line":1303,"column":16},"end":{"line":1306,"column":19}},"383":{"start":{"line":1311,"column":23},"end":{"line":1316,"column":10}},"384":{"start":{"line":1318,"column":8},"end":{"line":1325,"column":9}},"385":{"start":{"line":1319,"column":12},"end":{"line":1324,"column":15}},"386":{"start":{"line":1328,"column":8},"end":{"line":1328,"column":49}},"387":{"start":{"line":1329,"column":8},"end":{"line":1329,"column":43}},"388":{"start":{"line":1330,"column":8},"end":{"line":1330,"column":54}},"389":{"start":{"line":1330,"column":23},"end":{"line":1330,"column":54}},"390":{"start":{"line":1331,"column":8},"end":{"line":1331,"column":30}},"391":{"start":{"line":1334,"column":27},"end":{"line":1334,"column":48}},"392":{"start":{"line":1337,"column":8},"end":{"line":1339,"column":9}},"393":{"start":{"line":1338,"column":12},"end":{"line":1338,"column":43}},"394":{"start":{"line":1342,"column":8},"end":{"line":1342,"column":42}},"395":{"start":{"line":1343,"column":8},"end":{"line":1343,"column":45}},"396":{"start":{"line":1345,"column":8},"end":{"line":1345,"column":41}},"397":{"start":{"line":1348,"column":8},"end":{"line":1353,"column":11}},"398":{"start":{"line":1356,"column":8},"end":{"line":1361,"column":9}},"399":{"start":{"line":1357,"column":12},"end":{"line":1357,"column":105}},"400":{"start":{"line":1359,"column":12},"end":{"line":1359,"column":76}},"401":{"start":{"line":1364,"column":8},"end":{"line":1374,"column":11}},"402":{"start":{"line":1376,"column":8},"end":{"line":1384,"column":11}},"403":{"start":{"line":1386,"column":8},"end":{"line":1386,"column":57}},"404":{"start":{"line":1387,"column":8},"end":{"line":1390,"column":11}},"405":{"start":{"line":1395,"column":29},"end":{"line":1441,"column":1}},"406":{"start":{"line":1396,"column":4},"end":{"line":1440,"column":5}},"407":{"start":{"line":1397,"column":23},"end":{"line":1397,"column":33}},"408":{"start":{"line":1399,"column":24},"end":{"line":1399,"column":50}},"409":{"start":{"line":1401,"column":8},"end":{"line":1406,"column":9}},"410":{"start":{"line":1402,"column":12},"end":{"line":1405,"column":15}},"411":{"start":{"line":1409,"column":8},"end":{"line":1414,"column":9}},"412":{"start":{"line":1410,"column":12},"end":{"line":1413,"column":15}},"413":{"start":{"line":1417,"column":8},"end":{"line":1422,"column":9}},"414":{"start":{"line":1418,"column":12},"end":{"line":1421,"column":15}},"415":{"start":{"line":1424,"column":8},"end":{"line":1424,"column":54}},"416":{"start":{"line":1426,"column":8},"end":{"line":1433,"column":11}},"417":{"start":{"line":1435,"column":8},"end":{"line":1435,"column":58}},"418":{"start":{"line":1436,"column":8},"end":{"line":1439,"column":11}},"419":{"start":{"line":1444,"column":29},"end":{"line":1509,"column":1}},"420":{"start":{"line":1445,"column":4},"end":{"line":1508,"column":5}},"421":{"start":{"line":1446,"column":23},"end":{"line":1446,"column":33}},"422":{"start":{"line":1448,"column":24},"end":{"line":1448,"column":50}},"423":{"start":{"line":1450,"column":8},"end":{"line":1455,"column":9}},"424":{"start":{"line":1451,"column":12},"end":{"line":1454,"column":15}},"425":{"start":{"line":1458,"column":29},"end":{"line":1458,"column":68}},"426":{"start":{"line":1459,"column":31},"end":{"line":1460,"column":116}},"427":{"start":{"line":1461,"column":24},"end":{"line":1461,"column":60}},"428":{"start":{"line":1463,"column":8},"end":{"line":1478,"column":9}},"429":{"start":{"line":1465,"column":15},"end":{"line":1478,"column":9}},"430":{"start":{"line":1467,"column":12},"end":{"line":1472,"column":13}},"431":{"start":{"line":1468,"column":16},"end":{"line":1471,"column":19}},"432":{"start":{"line":1474,"column":12},"end":{"line":1477,"column":15}},"433":{"start":{"line":1481,"column":8},"end":{"line":1481,"column":32}},"434":{"start":{"line":1484,"column":8},"end":{"line":1493,"column":11}},"435":{"start":{"line":1495,"column":8},"end":{"line":1501,"column":11}},"436":{"start":{"line":1503,"column":8},"end":{"line":1503,"column":56}},"437":{"start":{"line":1504,"column":8},"end":{"line":1507,"column":11}},"438":{"start":{"line":1512,"column":24},"end":{"line":1571,"column":1}},"439":{"start":{"line":1513,"column":4},"end":{"line":1570,"column":5}},"440":{"start":{"line":1514,"column":26},"end":{"line":1514,"column":28}},"441":{"start":{"line":1517,"column":8},"end":{"line":1521,"column":9}},"442":{"start":{"line":1518,"column":12},"end":{"line":1518,"column":51}},"443":{"start":{"line":1519,"column":15},"end":{"line":1521,"column":9}},"444":{"start":{"line":1520,"column":12},"end":{"line":1520,"column":63}},"445":{"start":{"line":1523,"column":22},"end":{"line":1531,"column":10}},"446":{"start":{"line":1533,"column":29},"end":{"line":1544,"column":9}},"447":{"start":{"line":1546,"column":8},"end":{"line":1548,"column":11}},"448":{"start":{"line":1547,"column":12},"end":{"line":1547,"column":61}},"449":{"start":{"line":1552,"column":8},"end":{"line":1558,"column":9}},"450":{"start":{"line":1553,"column":12},"end":{"line":1553,"column":87}},"451":{"start":{"line":1553,"column":71},"end":{"line":1553,"column":82}},"452":{"start":{"line":1556,"column":53},"end":{"line":1556,"column":65}},"453":{"start":{"line":1557,"column":12},"end":{"line":1557,"column":93}},"454":{"start":{"line":1557,"column":77},"end":{"line":1557,"column":88}},"455":{"start":{"line":1560,"column":8},"end":{"line":1563,"column":11}},"456":{"start":{"line":1565,"column":8},"end":{"line":1565,"column":67}},"457":{"start":{"line":1566,"column":8},"end":{"line":1569,"column":11}},"458":{"start":{"line":1574,"column":28},"end":{"line":1799,"column":1}},"459":{"start":{"line":1575,"column":4},"end":{"line":1798,"column":5}},"460":{"start":{"line":1576,"column":31},"end":{"line":1576,"column":41}},"461":{"start":{"line":1579,"column":24},"end":{"line":1611,"column":10}},"462":{"start":{"line":1613,"column":8},"end":{"line":1618,"column":9}},"463":{"start":{"line":1614,"column":12},"end":{"line":1617,"column":15}},"464":{"start":{"line":1621,"column":25},"end":{"line":1621,"column":27}},"465":{"start":{"line":1624,"column":26},"end":{"line":1624,"column":49}},"466":{"start":{"line":1625,"column":8},"end":{"line":1625,"column":68}},"467":{"start":{"line":1626,"column":8},"end":{"line":1626,"column":58}},"468":{"start":{"line":1627,"column":8},"end":{"line":1627,"column":151}},"469":{"start":{"line":1627,"column":63},"end":{"line":1627,"column":147}},"470":{"start":{"line":1629,"column":31},"end":{"line":1633,"column":9}},"471":{"start":{"line":1637,"column":39},"end":{"line":1637,"column":82}},"472":{"start":{"line":1638,"column":37},"end":{"line":1638,"column":149}},"473":{"start":{"line":1640,"column":8},"end":{"line":1651,"column":11}},"474":{"start":{"line":1654,"column":32},"end":{"line":1654,"column":36}},"475":{"start":{"line":1655,"column":30},"end":{"line":1655,"column":35}},"476":{"start":{"line":1657,"column":8},"end":{"line":1768,"column":9}},"477":{"start":{"line":1657,"column":25},"end":{"line":1657,"column":26}},"478":{"start":{"line":1658,"column":26},"end":{"line":1658,"column":47}},"479":{"start":{"line":1661,"column":12},"end":{"line":1664,"column":13}},"480":{"start":{"line":1662,"column":16},"end":{"line":1662,"column":88}},"481":{"start":{"line":1663,"column":16},"end":{"line":1663,"column":22}},"482":{"start":{"line":1666,"column":29},"end":{"line":1666,"column":75}},"483":{"start":{"line":1666,"column":49},"end":{"line":1666,"column":74}},"484":{"start":{"line":1667,"column":28},"end":{"line":1667,"column":30}},"485":{"start":{"line":1668,"column":30},"end":{"line":1668,"column":32}},"486":{"start":{"line":1670,"column":12},"end":{"line":1670,"column":161}},"487":{"start":{"line":1672,"column":12},"end":{"line":1709,"column":13}},"488":{"start":{"line":1674,"column":20},"end":{"line":1674,"column":54}},"489":{"start":{"line":1675,"column":20},"end":{"line":1681,"column":21}},"490":{"start":{"line":1676,"column":24},"end":{"line":1676,"column":82}},"491":{"start":{"line":1677,"column":27},"end":{"line":1681,"column":21}},"492":{"start":{"line":1678,"column":24},"end":{"line":1678,"column":72}},"493":{"start":{"line":1679,"column":27},"end":{"line":1681,"column":21}},"494":{"start":{"line":1680,"column":24},"end":{"line":1680,"column":72}},"495":{"start":{"line":1682,"column":20},"end":{"line":1682,"column":26}},"496":{"start":{"line":1684,"column":20},"end":{"line":1684,"column":54}},"497":{"start":{"line":1685,"column":20},"end":{"line":1691,"column":21}},"498":{"start":{"line":1686,"column":24},"end":{"line":1686,"column":73}},"499":{"start":{"line":1687,"column":27},"end":{"line":1691,"column":21}},"500":{"start":{"line":1688,"column":24},"end":{"line":1688,"column":63}},"501":{"start":{"line":1689,"column":27},"end":{"line":1691,"column":21}},"502":{"start":{"line":1690,"column":24},"end":{"line":1690,"column":63}},"503":{"start":{"line":1692,"column":20},"end":{"line":1692,"column":26}},"504":{"start":{"line":1694,"column":20},"end":{"line":1694,"column":58}},"505":{"start":{"line":1695,"column":20},"end":{"line":1707,"column":21}},"506":{"start":{"line":1696,"column":24},"end":{"line":1696,"column":76}},"507":{"start":{"line":1697,"column":27},"end":{"line":1707,"column":21}},"508":{"start":{"line":1700,"column":24},"end":{"line":1704,"column":25}},"509":{"start":{"line":1701,"column":28},"end":{"line":1701,"column":70}},"510":{"start":{"line":1703,"column":28},"end":{"line":1703,"column":71}},"511":{"start":{"line":1705,"column":27},"end":{"line":1707,"column":21}},"512":{"start":{"line":1706,"column":24},"end":{"line":1706,"column":65}},"513":{"start":{"line":1708,"column":20},"end":{"line":1708,"column":26}},"514":{"start":{"line":1715,"column":29},"end":{"line":1715,"column":71}},"515":{"start":{"line":1716,"column":29},"end":{"line":1716,"column":71}},"516":{"start":{"line":1719,"column":12},"end":{"line":1723,"column":13}},"517":{"start":{"line":1722,"column":16},"end":{"line":1722,"column":35}},"518":{"start":{"line":1725,"column":30},"end":{"line":1725,"column":56}},"519":{"start":{"line":1727,"column":12},"end":{"line":1729,"column":13}},"520":{"start":{"line":1728,"column":16},"end":{"line":1728,"column":42}},"521":{"start":{"line":1732,"column":36},"end":{"line":1732,"column":40}},"522":{"start":{"line":1733,"column":12},"end":{"line":1740,"column":13}},"523":{"start":{"line":1734,"column":16},"end":{"line":1734,"column":57}},"524":{"start":{"line":1735,"column":19},"end":{"line":1740,"column":13}},"525":{"start":{"line":1736,"column":16},"end":{"line":1736,"column":57}},"526":{"start":{"line":1737,"column":19},"end":{"line":1740,"column":13}},"527":{"start":{"line":1739,"column":16},"end":{"line":1739,"column":56}},"528":{"start":{"line":1742,"column":12},"end":{"line":1758,"column":15}},"529":{"start":{"line":1760,"column":12},"end":{"line":1760,"column":121}},"530":{"start":{"line":1763,"column":12},"end":{"line":1767,"column":13}},"531":{"start":{"line":1764,"column":16},"end":{"line":1764,"column":39}},"532":{"start":{"line":1765,"column":16},"end":{"line":1765,"column":87}},"533":{"start":{"line":1766,"column":16},"end":{"line":1766,"column":22}},"534":{"start":{"line":1772,"column":30},"end":{"line":1773,"column":64}},"535":{"start":{"line":1776,"column":8},"end":{"line":1791,"column":11}},"536":{"start":{"line":1785,"column":46},"end":{"line":1790,"column":13}},"537":{"start":{"line":1793,"column":8},"end":{"line":1793,"column":56}},"538":{"start":{"line":1794,"column":8},"end":{"line":1797,"column":11}}},"fnMap":{"0":{"name":"generateRequestNumber","decl":{"start":{"line":10,"column":16},"end":{"line":10,"column":37}},"loc":{"start":{"line":10,"column":40},"end":{"line":18,"column":1}},"line":10},"1":{"name":"buildOrderClause","decl":{"start":{"line":21,"column":9},"end":{"line":21,"column":25}},"loc":{"start":{"line":21,"column":45},"end":{"line":37,"column":1}},"line":21},"2":{"name":"(anonymous_2)","decl":{"start":{"line":40,"column":30},"end":{"line":40,"column":31}},"loc":{"start":{"line":40,"column":50},"end":{"line":231,"column":1}},"line":40},"3":{"name":"(anonymous_3)","decl":{"start":{"line":149,"column":62},"end":{"line":149,"column":63}},"loc":{"start":{"line":149,"column":81},"end":{"line":213,"column":9}},"line":149},"4":{"name":"(anonymous_4)","decl":{"start":{"line":176,"column":50},"end":{"line":176,"column":51}},"loc":{"start":{"line":176,"column":63},"end":{"line":187,"column":17}},"line":176},"5":{"name":"(anonymous_5)","decl":{"start":{"line":234,"column":30},"end":{"line":234,"column":31}},"loc":{"start":{"line":234,"column":50},"end":{"line":388,"column":1}},"line":234},"6":{"name":"(anonymous_6)","decl":{"start":{"line":328,"column":42},"end":{"line":328,"column":43}},"loc":{"start":{"line":328,"column":51},"end":{"line":341,"column":17}},"line":328},"7":{"name":"(anonymous_7)","decl":{"start":{"line":342,"column":50},"end":{"line":342,"column":51}},"loc":{"start":{"line":342,"column":63},"end":{"line":363,"column":17}},"line":342},"8":{"name":"(anonymous_8)","decl":{"start":{"line":364,"column":30},"end":{"line":364,"column":31}},"loc":{"start":{"line":364,"column":36},"end":{"line":378,"column":17}},"line":364},"9":{"name":"(anonymous_9)","decl":{"start":{"line":391,"column":29},"end":{"line":391,"column":30}},"loc":{"start":{"line":391,"column":49},"end":{"line":510,"column":1}},"line":391},"10":{"name":"(anonymous_10)","decl":{"start":{"line":441,"column":39},"end":{"line":441,"column":40}},"loc":{"start":{"line":441,"column":54},"end":{"line":444,"column":9}},"line":441},"11":{"name":"(anonymous_11)","decl":{"start":{"line":464,"column":22},"end":{"line":464,"column":23}},"loc":{"start":{"line":464,"column":30},"end":{"line":477,"column":14}},"line":464},"12":{"name":"(anonymous_12)","decl":{"start":{"line":513,"column":29},"end":{"line":513,"column":30}},"loc":{"start":{"line":513,"column":49},"end":{"line":639,"column":1}},"line":513},"13":{"name":"(anonymous_13)","decl":{"start":{"line":578,"column":26},"end":{"line":578,"column":27}},"loc":{"start":{"line":578,"column":34},"end":{"line":591,"column":18}},"line":578},"14":{"name":"(anonymous_14)","decl":{"start":{"line":595,"column":43},"end":{"line":595,"column":44}},"loc":{"start":{"line":595,"column":58},"end":{"line":598,"column":13}},"line":595},"15":{"name":"(anonymous_15)","decl":{"start":{"line":641,"column":29},"end":{"line":641,"column":30}},"loc":{"start":{"line":641,"column":49},"end":{"line":832,"column":1}},"line":641},"16":{"name":"(anonymous_16)","decl":{"start":{"line":695,"column":65},"end":{"line":695,"column":66}},"loc":{"start":{"line":695,"column":70},"end":{"line":695,"column":74}},"line":695},"17":{"name":"(anonymous_17)","decl":{"start":{"line":835,"column":30},"end":{"line":835,"column":31}},"loc":{"start":{"line":835,"column":50},"end":{"line":1085,"column":1}},"line":835},"18":{"name":"(anonymous_18)","decl":{"start":{"line":912,"column":65},"end":{"line":912,"column":66}},"loc":{"start":{"line":912,"column":70},"end":{"line":912,"column":74}},"line":912},"19":{"name":"(anonymous_19)","decl":{"start":{"line":1050,"column":75},"end":{"line":1050,"column":76}},"loc":{"start":{"line":1050,"column":81},"end":{"line":1050,"column":99}},"line":1050},"20":{"name":"(anonymous_20)","decl":{"start":{"line":1088,"column":30},"end":{"line":1088,"column":31}},"loc":{"start":{"line":1088,"column":50},"end":{"line":1231,"column":1}},"line":1088},"21":{"name":"(anonymous_21)","decl":{"start":{"line":1234,"column":29},"end":{"line":1234,"column":30}},"loc":{"start":{"line":1234,"column":49},"end":{"line":1392,"column":1}},"line":1234},"22":{"name":"(anonymous_22)","decl":{"start":{"line":1395,"column":29},"end":{"line":1395,"column":30}},"loc":{"start":{"line":1395,"column":49},"end":{"line":1441,"column":1}},"line":1395},"23":{"name":"(anonymous_23)","decl":{"start":{"line":1444,"column":29},"end":{"line":1444,"column":30}},"loc":{"start":{"line":1444,"column":49},"end":{"line":1509,"column":1}},"line":1444},"24":{"name":"(anonymous_24)","decl":{"start":{"line":1512,"column":24},"end":{"line":1512,"column":25}},"loc":{"start":{"line":1512,"column":44},"end":{"line":1571,"column":1}},"line":1512},"25":{"name":"(anonymous_25)","decl":{"start":{"line":1546,"column":22},"end":{"line":1546,"column":23}},"loc":{"start":{"line":1546,"column":30},"end":{"line":1548,"column":9}},"line":1546},"26":{"name":"(anonymous_26)","decl":{"start":{"line":1553,"column":55},"end":{"line":1553,"column":56}},"loc":{"start":{"line":1553,"column":71},"end":{"line":1553,"column":82}},"line":1553},"27":{"name":"(anonymous_27)","decl":{"start":{"line":1557,"column":61},"end":{"line":1557,"column":62}},"loc":{"start":{"line":1557,"column":77},"end":{"line":1557,"column":88}},"line":1557},"28":{"name":"(anonymous_28)","decl":{"start":{"line":1574,"column":28},"end":{"line":1574,"column":29}},"loc":{"start":{"line":1574,"column":48},"end":{"line":1799,"column":1}},"line":1574},"29":{"name":"(anonymous_29)","decl":{"start":{"line":1627,"column":57},"end":{"line":1627,"column":58}},"loc":{"start":{"line":1627,"column":63},"end":{"line":1627,"column":147}},"line":1627},"30":{"name":"(anonymous_30)","decl":{"start":{"line":1666,"column":44},"end":{"line":1666,"column":45}},"loc":{"start":{"line":1666,"column":49},"end":{"line":1666,"column":74}},"line":1666},"31":{"name":"(anonymous_31)","decl":{"start":{"line":1785,"column":37},"end":{"line":1785,"column":38}},"loc":{"start":{"line":1785,"column":46},"end":{"line":1790,"column":13}},"line":1785}},"branchMap":{"0":{"loc":{"start":{"line":22,"column":18},"end":{"line":22,"column":69}},"type":"cond-expr","locations":[{"start":{"line":22,"column":55},"end":{"line":22,"column":60}},{"start":{"line":22,"column":63},"end":{"line":22,"column":69}}],"line":22},"1":{"loc":{"start":{"line":24,"column":4},"end":{"line":36,"column":5}},"type":"switch","locations":[{"start":{"line":25,"column":8},"end":{"line":26,"column":63}},{"start":{"line":27,"column":8},"end":{"line":32,"column":14}},{"start":{"line":33,"column":8},"end":{"line":33,"column":20}},{"start":{"line":34,"column":8},"end":{"line":35,"column":43}}],"line":24},"2":{"loc":{"start":{"line":43,"column":12},"end":{"line":43,"column":20}},"type":"default-arg","locations":[{"start":{"line":43,"column":19},"end":{"line":43,"column":20}}],"line":43},"3":{"loc":{"start":{"line":44,"column":12},"end":{"line":44,"column":22}},"type":"default-arg","locations":[{"start":{"line":44,"column":20},"end":{"line":44,"column":22}}],"line":44},"4":{"loc":{"start":{"line":45,"column":12},"end":{"line":45,"column":23}},"type":"default-arg","locations":[{"start":{"line":45,"column":21},"end":{"line":45,"column":23}}],"line":45},"5":{"loc":{"start":{"line":46,"column":12},"end":{"line":46,"column":27}},"type":"default-arg","locations":[{"start":{"line":46,"column":25},"end":{"line":46,"column":27}}],"line":46},"6":{"loc":{"start":{"line":47,"column":12},"end":{"line":47,"column":25}},"type":"default-arg","locations":[{"start":{"line":47,"column":23},"end":{"line":47,"column":25}}],"line":47},"7":{"loc":{"start":{"line":48,"column":12},"end":{"line":48,"column":23}},"type":"default-arg","locations":[{"start":{"line":48,"column":21},"end":{"line":48,"column":23}}],"line":48},"8":{"loc":{"start":{"line":49,"column":12},"end":{"line":49,"column":25}},"type":"default-arg","locations":[{"start":{"line":49,"column":23},"end":{"line":49,"column":25}}],"line":49},"9":{"loc":{"start":{"line":50,"column":12},"end":{"line":50,"column":23}},"type":"default-arg","locations":[{"start":{"line":50,"column":21},"end":{"line":50,"column":23}}],"line":50},"10":{"loc":{"start":{"line":51,"column":12},"end":{"line":51,"column":26}},"type":"default-arg","locations":[{"start":{"line":51,"column":24},"end":{"line":51,"column":26}}],"line":51},"11":{"loc":{"start":{"line":52,"column":12},"end":{"line":52,"column":27}},"type":"default-arg","locations":[{"start":{"line":52,"column":21},"end":{"line":52,"column":27}}],"line":52},"12":{"loc":{"start":{"line":53,"column":12},"end":{"line":53,"column":30}},"type":"default-arg","locations":[{"start":{"line":53,"column":24},"end":{"line":53,"column":30}}],"line":53},"13":{"loc":{"start":{"line":63,"column":8},"end":{"line":73,"column":9}},"type":"if","locations":[{"start":{"line":63,"column":8},"end":{"line":73,"column":9}},{"start":{"line":66,"column":15},"end":{"line":73,"column":9}}],"line":63},"14":{"loc":{"start":{"line":66,"column":15},"end":{"line":73,"column":9}},"type":"if","locations":[{"start":{"line":66,"column":15},"end":{"line":73,"column":9}},{"start":{"line":70,"column":15},"end":{"line":73,"column":9}}],"line":66},"15":{"loc":{"start":{"line":70,"column":15},"end":{"line":73,"column":9}},"type":"if","locations":[{"start":{"line":70,"column":15},"end":{"line":73,"column":9}},{"start":{},"end":{}}],"line":70},"16":{"loc":{"start":{"line":76,"column":8},"end":{"line":87,"column":9}},"type":"if","locations":[{"start":{"line":76,"column":8},"end":{"line":87,"column":9}},{"start":{"line":84,"column":15},"end":{"line":87,"column":9}}],"line":76},"17":{"loc":{"start":{"line":78,"column":12},"end":{"line":83,"column":13}},"type":"if","locations":[{"start":{"line":78,"column":12},"end":{"line":83,"column":13}},{"start":{"line":81,"column":19},"end":{"line":83,"column":13}}],"line":78},"18":{"loc":{"start":{"line":78,"column":16},"end":{"line":78,"column":67}},"type":"binary-expr","locations":[{"start":{"line":78,"column":16},"end":{"line":78,"column":34}},{"start":{"line":78,"column":38},"end":{"line":78,"column":67}}],"line":78},"19":{"loc":{"start":{"line":84,"column":15},"end":{"line":87,"column":9}},"type":"if","locations":[{"start":{"line":84,"column":15},"end":{"line":87,"column":9}},{"start":{},"end":{}}],"line":84},"20":{"loc":{"start":{"line":89,"column":8},"end":{"line":91,"column":9}},"type":"if","locations":[{"start":{"line":89,"column":8},"end":{"line":91,"column":9}},{"start":{},"end":{}}],"line":89},"21":{"loc":{"start":{"line":89,"column":12},"end":{"line":89,"column":103}},"type":"binary-expr","locations":[{"start":{"line":89,"column":12},"end":{"line":89,"column":22}},{"start":{"line":89,"column":26},"end":{"line":89,"column":103}}],"line":89},"22":{"loc":{"start":{"line":93,"column":8},"end":{"line":95,"column":9}},"type":"if","locations":[{"start":{"line":93,"column":8},"end":{"line":95,"column":9}},{"start":{},"end":{}}],"line":93},"23":{"loc":{"start":{"line":97,"column":8},"end":{"line":99,"column":9}},"type":"if","locations":[{"start":{"line":97,"column":8},"end":{"line":99,"column":9}},{"start":{},"end":{}}],"line":97},"24":{"loc":{"start":{"line":97,"column":12},"end":{"line":97,"column":102}},"type":"binary-expr","locations":[{"start":{"line":97,"column":12},"end":{"line":97,"column":21}},{"start":{"line":97,"column":25},"end":{"line":97,"column":102}}],"line":97},"25":{"loc":{"start":{"line":101,"column":8},"end":{"line":107,"column":9}},"type":"if","locations":[{"start":{"line":101,"column":8},"end":{"line":107,"column":9}},{"start":{},"end":{}}],"line":101},"26":{"loc":{"start":{"line":109,"column":8},"end":{"line":113,"column":9}},"type":"if","locations":[{"start":{"line":109,"column":8},"end":{"line":113,"column":9}},{"start":{},"end":{}}],"line":109},"27":{"loc":{"start":{"line":109,"column":12},"end":{"line":109,"column":30}},"type":"binary-expr","locations":[{"start":{"line":109,"column":12},"end":{"line":109,"column":20}},{"start":{"line":109,"column":24},"end":{"line":109,"column":30}}],"line":109},"28":{"loc":{"start":{"line":111,"column":12},"end":{"line":111,"column":80}},"type":"if","locations":[{"start":{"line":111,"column":12},"end":{"line":111,"column":80}},{"start":{},"end":{}}],"line":111},"29":{"loc":{"start":{"line":112,"column":12},"end":{"line":112,"column":90}},"type":"if","locations":[{"start":{"line":112,"column":12},"end":{"line":112,"column":90}},{"start":{},"end":{}}],"line":112},"30":{"loc":{"start":{"line":170,"column":47},"end":{"line":170,"column":80}},"type":"binary-expr","locations":[{"start":{"line":170,"column":47},"end":{"line":170,"column":75}},{"start":{"line":170,"column":79},"end":{"line":170,"column":80}}],"line":170},"31":{"loc":{"start":{"line":171,"column":28},"end":{"line":171,"column":54}},"type":"binary-expr","locations":[{"start":{"line":171,"column":28},"end":{"line":171,"column":49}},{"start":{"line":171,"column":53},"end":{"line":171,"column":54}}],"line":171},"32":{"loc":{"start":{"line":176,"column":27},"end":{"line":187,"column":25}},"type":"binary-expr","locations":[{"start":{"line":176,"column":27},"end":{"line":187,"column":19}},{"start":{"line":187,"column":23},"end":{"line":187,"column":25}}],"line":176},"33":{"loc":{"start":{"line":180,"column":30},"end":{"line":183,"column":28}},"type":"cond-expr","locations":[{"start":{"line":180,"column":50},"end":{"line":183,"column":21}},{"start":{"line":183,"column":24},"end":{"line":183,"column":28}}],"line":180},"34":{"loc":{"start":{"line":193,"column":12},"end":{"line":211,"column":13}},"type":"if","locations":[{"start":{"line":193,"column":12},"end":{"line":211,"column":13}},{"start":{},"end":{}}],"line":193},"35":{"loc":{"start":{"line":195,"column":16},"end":{"line":210,"column":17}},"type":"if","locations":[{"start":{"line":195,"column":16},"end":{"line":210,"column":17}},{"start":{"line":197,"column":23},"end":{"line":210,"column":17}}],"line":195},"36":{"loc":{"start":{"line":195,"column":20},"end":{"line":195,"column":91}},"type":"binary-expr","locations":[{"start":{"line":195,"column":20},"end":{"line":195,"column":48}},{"start":{"line":195,"column":52},"end":{"line":195,"column":91}}],"line":195},"37":{"loc":{"start":{"line":202,"column":24},"end":{"line":204,"column":161}},"type":"if","locations":[{"start":{"line":202,"column":24},"end":{"line":204,"column":161}},{"start":{"line":203,"column":29},"end":{"line":204,"column":161}}],"line":202},"38":{"loc":{"start":{"line":202,"column":28},"end":{"line":202,"column":117}},"type":"binary-expr","locations":[{"start":{"line":202,"column":28},"end":{"line":202,"column":58}},{"start":{"line":202,"column":62},"end":{"line":202,"column":117}}],"line":202},"39":{"loc":{"start":{"line":203,"column":29},"end":{"line":204,"column":161}},"type":"if","locations":[{"start":{"line":203,"column":29},"end":{"line":204,"column":161}},{"start":{"line":204,"column":29},"end":{"line":204,"column":161}}],"line":203},"40":{"loc":{"start":{"line":203,"column":33},"end":{"line":203,"column":109}},"type":"binary-expr","locations":[{"start":{"line":203,"column":33},"end":{"line":203,"column":73}},{"start":{"line":203,"column":77},"end":{"line":203,"column":109}}],"line":203},"41":{"loc":{"start":{"line":204,"column":29},"end":{"line":204,"column":161}},"type":"if","locations":[{"start":{"line":204,"column":29},"end":{"line":204,"column":161}},{"start":{},"end":{}}],"line":204},"42":{"loc":{"start":{"line":204,"column":33},"end":{"line":204,"column":141}},"type":"binary-expr","locations":[{"start":{"line":204,"column":33},"end":{"line":204,"column":108}},{"start":{"line":204,"column":112},"end":{"line":204,"column":141}}],"line":204},"43":{"loc":{"start":{"line":266,"column":8},"end":{"line":271,"column":9}},"type":"if","locations":[{"start":{"line":266,"column":8},"end":{"line":271,"column":9}},{"start":{},"end":{}}],"line":266},"44":{"loc":{"start":{"line":274,"column":8},"end":{"line":280,"column":9}},"type":"if","locations":[{"start":{"line":274,"column":8},"end":{"line":280,"column":9}},{"start":{},"end":{}}],"line":274},"45":{"loc":{"start":{"line":274,"column":12},"end":{"line":274,"column":78}},"type":"binary-expr","locations":[{"start":{"line":274,"column":12},"end":{"line":274,"column":38}},{"start":{"line":274,"column":42},"end":{"line":274,"column":78}}],"line":274},"46":{"loc":{"start":{"line":284,"column":12},"end":{"line":288,"column":105}},"type":"binary-expr","locations":[{"start":{"line":284,"column":12},"end":{"line":284,"column":51}},{"start":{"line":285,"column":12},"end":{"line":285,"column":42}},{"start":{"line":286,"column":12},"end":{"line":286,"column":44}},{"start":{"line":287,"column":12},"end":{"line":287,"column":48}},{"start":{"line":288,"column":13},"end":{"line":288,"column":52}},{"start":{"line":288,"column":56},"end":{"line":288,"column":104}}],"line":284},"47":{"loc":{"start":{"line":290,"column":8},"end":{"line":295,"column":9}},"type":"if","locations":[{"start":{"line":290,"column":8},"end":{"line":295,"column":9}},{"start":{},"end":{}}],"line":290},"48":{"loc":{"start":{"line":320,"column":47},"end":{"line":320,"column":80}},"type":"binary-expr","locations":[{"start":{"line":320,"column":47},"end":{"line":320,"column":75}},{"start":{"line":320,"column":79},"end":{"line":320,"column":80}}],"line":320},"49":{"loc":{"start":{"line":328,"column":23},"end":{"line":341,"column":25}},"type":"binary-expr","locations":[{"start":{"line":328,"column":23},"end":{"line":341,"column":19}},{"start":{"line":341,"column":23},"end":{"line":341,"column":25}}],"line":328},"50":{"loc":{"start":{"line":336,"column":46},"end":{"line":336,"column":70}},"type":"binary-expr","locations":[{"start":{"line":336,"column":46},"end":{"line":336,"column":65}},{"start":{"line":336,"column":69},"end":{"line":336,"column":70}}],"line":336},"51":{"loc":{"start":{"line":342,"column":27},"end":{"line":363,"column":25}},"type":"binary-expr","locations":[{"start":{"line":342,"column":27},"end":{"line":363,"column":19}},{"start":{"line":363,"column":23},"end":{"line":363,"column":25}}],"line":342},"52":{"loc":{"start":{"line":346,"column":30},"end":{"line":352,"column":28}},"type":"cond-expr","locations":[{"start":{"line":346,"column":50},"end":{"line":352,"column":21}},{"start":{"line":352,"column":24},"end":{"line":352,"column":28}}],"line":346},"53":{"loc":{"start":{"line":351,"column":31},"end":{"line":351,"column":60}},"type":"binary-expr","locations":[{"start":{"line":351,"column":31},"end":{"line":351,"column":54}},{"start":{"line":351,"column":58},"end":{"line":351,"column":60}}],"line":351},"54":{"loc":{"start":{"line":394,"column":8},"end":{"line":401,"column":9}},"type":"if","locations":[{"start":{"line":394,"column":8},"end":{"line":401,"column":9}},{"start":{},"end":{}}],"line":394},"55":{"loc":{"start":{"line":404,"column":8},"end":{"line":409,"column":9}},"type":"if","locations":[{"start":{"line":404,"column":8},"end":{"line":409,"column":9}},{"start":{},"end":{}}],"line":404},"56":{"loc":{"start":{"line":417,"column":12},"end":{"line":417,"column":31}},"type":"default-arg","locations":[{"start":{"line":417,"column":23},"end":{"line":417,"column":31}}],"line":417},"57":{"loc":{"start":{"line":425,"column":8},"end":{"line":430,"column":9}},"type":"if","locations":[{"start":{"line":425,"column":8},"end":{"line":430,"column":9}},{"start":{},"end":{}}],"line":425},"58":{"loc":{"start":{"line":433,"column":8},"end":{"line":438,"column":9}},"type":"if","locations":[{"start":{"line":433,"column":8},"end":{"line":438,"column":9}},{"start":{},"end":{}}],"line":433},"59":{"loc":{"start":{"line":442,"column":40},"end":{"line":442,"column":63}},"type":"binary-expr","locations":[{"start":{"line":442,"column":40},"end":{"line":442,"column":58}},{"start":{"line":442,"column":62},"end":{"line":442,"column":63}}],"line":442},"60":{"loc":{"start":{"line":442,"column":76},"end":{"line":442,"column":94}},"type":"binary-expr","locations":[{"start":{"line":442,"column":76},"end":{"line":442,"column":89}},{"start":{"line":442,"column":93},"end":{"line":442,"column":94}}],"line":442},"61":{"loc":{"start":{"line":450,"column":23},"end":{"line":450,"column":81}},"type":"binary-expr","locations":[{"start":{"line":450,"column":23},"end":{"line":450,"column":31}},{"start":{"line":450,"column":35},"end":{"line":450,"column":81}}],"line":450},"62":{"loc":{"start":{"line":451,"column":27},"end":{"line":451,"column":57}},"type":"binary-expr","locations":[{"start":{"line":451,"column":27},"end":{"line":451,"column":39}},{"start":{"line":451,"column":43},"end":{"line":451,"column":57}}],"line":451},"63":{"loc":{"start":{"line":458,"column":33},"end":{"line":458,"column":59}},"type":"binary-expr","locations":[{"start":{"line":458,"column":33},"end":{"line":458,"column":51}},{"start":{"line":458,"column":55},"end":{"line":458,"column":59}}],"line":458},"64":{"loc":{"start":{"line":469,"column":34},"end":{"line":469,"column":62}},"type":"binary-expr","locations":[{"start":{"line":469,"column":34},"end":{"line":469,"column":54}},{"start":{"line":469,"column":58},"end":{"line":469,"column":62}}],"line":469},"65":{"loc":{"start":{"line":470,"column":32},"end":{"line":470,"column":58}},"type":"binary-expr","locations":[{"start":{"line":470,"column":32},"end":{"line":470,"column":50}},{"start":{"line":470,"column":54},"end":{"line":470,"column":58}}],"line":470},"66":{"loc":{"start":{"line":471,"column":25},"end":{"line":471,"column":45}},"type":"binary-expr","locations":[{"start":{"line":471,"column":25},"end":{"line":471,"column":37}},{"start":{"line":471,"column":41},"end":{"line":471,"column":45}}],"line":471},"67":{"loc":{"start":{"line":472,"column":32},"end":{"line":472,"column":90}},"type":"cond-expr","locations":[{"start":{"line":472,"column":53},"end":{"line":472,"column":83}},{"start":{"line":472,"column":86},"end":{"line":472,"column":90}}],"line":472},"68":{"loc":{"start":{"line":473,"column":29},"end":{"line":473,"column":52}},"type":"binary-expr","locations":[{"start":{"line":473,"column":29},"end":{"line":473,"column":44}},{"start":{"line":473,"column":48},"end":{"line":473,"column":52}}],"line":473},"69":{"loc":{"start":{"line":474,"column":32},"end":{"line":474,"column":59}},"type":"binary-expr","locations":[{"start":{"line":474,"column":32},"end":{"line":474,"column":50}},{"start":{"line":474,"column":54},"end":{"line":474,"column":59}}],"line":474},"70":{"loc":{"start":{"line":475,"column":36},"end":{"line":475,"column":65}},"type":"binary-expr","locations":[{"start":{"line":475,"column":36},"end":{"line":475,"column":57}},{"start":{"line":475,"column":61},"end":{"line":475,"column":65}}],"line":475},"71":{"loc":{"start":{"line":476,"column":32},"end":{"line":476,"column":58}},"type":"binary-expr","locations":[{"start":{"line":476,"column":32},"end":{"line":476,"column":50}},{"start":{"line":476,"column":54},"end":{"line":476,"column":58}}],"line":476},"72":{"loc":{"start":{"line":516,"column":8},"end":{"line":523,"column":9}},"type":"if","locations":[{"start":{"line":516,"column":8},"end":{"line":523,"column":9}},{"start":{},"end":{}}],"line":516},"73":{"loc":{"start":{"line":530,"column":8},"end":{"line":535,"column":9}},"type":"if","locations":[{"start":{"line":530,"column":8},"end":{"line":535,"column":9}},{"start":{},"end":{}}],"line":530},"74":{"loc":{"start":{"line":541,"column":8},"end":{"line":546,"column":9}},"type":"if","locations":[{"start":{"line":541,"column":8},"end":{"line":546,"column":9}},{"start":{},"end":{}}],"line":541},"75":{"loc":{"start":{"line":562,"column":8},"end":{"line":562,"column":68}},"type":"if","locations":[{"start":{"line":562,"column":8},"end":{"line":562,"column":68}},{"start":{},"end":{}}],"line":562},"76":{"loc":{"start":{"line":563,"column":8},"end":{"line":563,"column":80}},"type":"if","locations":[{"start":{"line":563,"column":8},"end":{"line":563,"column":80}},{"start":{},"end":{}}],"line":563},"77":{"loc":{"start":{"line":564,"column":8},"end":{"line":564,"column":80}},"type":"if","locations":[{"start":{"line":564,"column":8},"end":{"line":564,"column":80}},{"start":{},"end":{}}],"line":564},"78":{"loc":{"start":{"line":565,"column":8},"end":{"line":565,"column":80}},"type":"if","locations":[{"start":{"line":565,"column":8},"end":{"line":565,"column":80}},{"start":{},"end":{}}],"line":565},"79":{"loc":{"start":{"line":566,"column":8},"end":{"line":566,"column":61}},"type":"if","locations":[{"start":{"line":566,"column":8},"end":{"line":566,"column":61}},{"start":{},"end":{}}],"line":566},"80":{"loc":{"start":{"line":567,"column":8},"end":{"line":567,"column":67}},"type":"if","locations":[{"start":{"line":567,"column":8},"end":{"line":567,"column":67}},{"start":{},"end":{}}],"line":567},"81":{"loc":{"start":{"line":568,"column":8},"end":{"line":568,"column":67}},"type":"if","locations":[{"start":{"line":568,"column":8},"end":{"line":568,"column":67}},{"start":{},"end":{}}],"line":568},"82":{"loc":{"start":{"line":569,"column":8},"end":{"line":569,"column":106}},"type":"if","locations":[{"start":{"line":569,"column":8},"end":{"line":569,"column":106}},{"start":{},"end":{}}],"line":569},"83":{"loc":{"start":{"line":569,"column":79},"end":{"line":569,"column":105}},"type":"binary-expr","locations":[{"start":{"line":569,"column":79},"end":{"line":569,"column":97}},{"start":{"line":569,"column":101},"end":{"line":569,"column":105}}],"line":569},"84":{"loc":{"start":{"line":572,"column":8},"end":{"line":600,"column":9}},"type":"if","locations":[{"start":{"line":572,"column":8},"end":{"line":600,"column":9}},{"start":{},"end":{}}],"line":572},"85":{"loc":{"start":{"line":583,"column":38},"end":{"line":583,"column":66}},"type":"binary-expr","locations":[{"start":{"line":583,"column":38},"end":{"line":583,"column":58}},{"start":{"line":583,"column":62},"end":{"line":583,"column":66}}],"line":583},"86":{"loc":{"start":{"line":584,"column":36},"end":{"line":584,"column":62}},"type":"binary-expr","locations":[{"start":{"line":584,"column":36},"end":{"line":584,"column":54}},{"start":{"line":584,"column":58},"end":{"line":584,"column":62}}],"line":584},"87":{"loc":{"start":{"line":585,"column":29},"end":{"line":585,"column":49}},"type":"binary-expr","locations":[{"start":{"line":585,"column":29},"end":{"line":585,"column":41}},{"start":{"line":585,"column":45},"end":{"line":585,"column":49}}],"line":585},"88":{"loc":{"start":{"line":586,"column":36},"end":{"line":586,"column":94}},"type":"cond-expr","locations":[{"start":{"line":586,"column":57},"end":{"line":586,"column":87}},{"start":{"line":586,"column":90},"end":{"line":586,"column":94}}],"line":586},"89":{"loc":{"start":{"line":587,"column":33},"end":{"line":587,"column":56}},"type":"binary-expr","locations":[{"start":{"line":587,"column":33},"end":{"line":587,"column":48}},{"start":{"line":587,"column":52},"end":{"line":587,"column":56}}],"line":587},"90":{"loc":{"start":{"line":588,"column":36},"end":{"line":588,"column":63}},"type":"binary-expr","locations":[{"start":{"line":588,"column":36},"end":{"line":588,"column":54}},{"start":{"line":588,"column":58},"end":{"line":588,"column":63}}],"line":588},"91":{"loc":{"start":{"line":589,"column":40},"end":{"line":589,"column":69}},"type":"binary-expr","locations":[{"start":{"line":589,"column":40},"end":{"line":589,"column":61}},{"start":{"line":589,"column":65},"end":{"line":589,"column":69}}],"line":589},"92":{"loc":{"start":{"line":590,"column":36},"end":{"line":590,"column":62}},"type":"binary-expr","locations":[{"start":{"line":590,"column":36},"end":{"line":590,"column":54}},{"start":{"line":590,"column":58},"end":{"line":590,"column":62}}],"line":590},"93":{"loc":{"start":{"line":596,"column":44},"end":{"line":596,"column":67}},"type":"binary-expr","locations":[{"start":{"line":596,"column":44},"end":{"line":596,"column":62}},{"start":{"line":596,"column":66},"end":{"line":596,"column":67}}],"line":596},"94":{"loc":{"start":{"line":596,"column":80},"end":{"line":596,"column":98}},"type":"binary-expr","locations":[{"start":{"line":596,"column":80},"end":{"line":596,"column":93}},{"start":{"line":596,"column":97},"end":{"line":596,"column":98}}],"line":596},"95":{"loc":{"start":{"line":609,"column":8},"end":{"line":622,"column":9}},"type":"if","locations":[{"start":{"line":609,"column":8},"end":{"line":622,"column":9}},{"start":{},"end":{}}],"line":609},"96":{"loc":{"start":{"line":611,"column":12},"end":{"line":613,"column":13}},"type":"if","locations":[{"start":{"line":611,"column":12},"end":{"line":613,"column":13}},{"start":{},"end":{}}],"line":611},"97":{"loc":{"start":{"line":649,"column":8},"end":{"line":654,"column":9}},"type":"if","locations":[{"start":{"line":649,"column":8},"end":{"line":654,"column":9}},{"start":{},"end":{}}],"line":649},"98":{"loc":{"start":{"line":656,"column":8},"end":{"line":661,"column":9}},"type":"if","locations":[{"start":{"line":656,"column":8},"end":{"line":661,"column":9}},{"start":{},"end":{}}],"line":656},"99":{"loc":{"start":{"line":656,"column":12},"end":{"line":656,"column":91}},"type":"binary-expr","locations":[{"start":{"line":656,"column":12},"end":{"line":656,"column":48}},{"start":{"line":656,"column":52},"end":{"line":656,"column":91}}],"line":656},"100":{"loc":{"start":{"line":663,"column":8},"end":{"line":668,"column":9}},"type":"if","locations":[{"start":{"line":663,"column":8},"end":{"line":668,"column":9}},{"start":{},"end":{}}],"line":663},"101":{"loc":{"start":{"line":663,"column":12},"end":{"line":663,"column":71}},"type":"binary-expr","locations":[{"start":{"line":663,"column":12},"end":{"line":663,"column":38}},{"start":{"line":663,"column":42},"end":{"line":663,"column":71}}],"line":663},"102":{"loc":{"start":{"line":670,"column":8},"end":{"line":675,"column":9}},"type":"if","locations":[{"start":{"line":670,"column":8},"end":{"line":675,"column":9}},{"start":{},"end":{}}],"line":670},"103":{"loc":{"start":{"line":670,"column":12},"end":{"line":670,"column":56}},"type":"binary-expr","locations":[{"start":{"line":670,"column":12},"end":{"line":670,"column":26}},{"start":{"line":670,"column":30},"end":{"line":670,"column":56}}],"line":670},"104":{"loc":{"start":{"line":684,"column":8},"end":{"line":712,"column":9}},"type":"if","locations":[{"start":{"line":684,"column":8},"end":{"line":712,"column":9}},{"start":{"line":699,"column":15},"end":{"line":712,"column":9}}],"line":684},"105":{"loc":{"start":{"line":684,"column":12},"end":{"line":684,"column":83}},"type":"binary-expr","locations":[{"start":{"line":684,"column":12},"end":{"line":684,"column":26}},{"start":{"line":684,"column":31},"end":{"line":684,"column":55}},{"start":{"line":684,"column":59},"end":{"line":684,"column":82}}],"line":684},"106":{"loc":{"start":{"line":686,"column":12},"end":{"line":690,"column":13}},"type":"if","locations":[{"start":{"line":686,"column":12},"end":{"line":690,"column":13}},{"start":{"line":688,"column":19},"end":{"line":690,"column":13}}],"line":686},"107":{"loc":{"start":{"line":686,"column":16},"end":{"line":686,"column":83}},"type":"binary-expr","locations":[{"start":{"line":686,"column":16},"end":{"line":686,"column":40}},{"start":{"line":686,"column":44},"end":{"line":686,"column":83}}],"line":686},"108":{"loc":{"start":{"line":693,"column":12},"end":{"line":696,"column":13}},"type":"if","locations":[{"start":{"line":693,"column":12},"end":{"line":696,"column":13}},{"start":{},"end":{}}],"line":693},"109":{"loc":{"start":{"line":709,"column":12},"end":{"line":711,"column":13}},"type":"if","locations":[{"start":{"line":709,"column":12},"end":{"line":711,"column":13}},{"start":{},"end":{}}],"line":709},"110":{"loc":{"start":{"line":714,"column":8},"end":{"line":719,"column":9}},"type":"if","locations":[{"start":{"line":714,"column":8},"end":{"line":719,"column":9}},{"start":{},"end":{}}],"line":714},"111":{"loc":{"start":{"line":732,"column":8},"end":{"line":777,"column":9}},"type":"if","locations":[{"start":{"line":732,"column":8},"end":{"line":777,"column":9}},{"start":{"line":752,"column":15},"end":{"line":777,"column":9}}],"line":732},"112":{"loc":{"start":{"line":732,"column":12},"end":{"line":732,"column":79}},"type":"binary-expr","locations":[{"start":{"line":732,"column":12},"end":{"line":732,"column":31}},{"start":{"line":732,"column":35},"end":{"line":732,"column":79}}],"line":732},"113":{"loc":{"start":{"line":747,"column":16},"end":{"line":750,"column":17}},"type":"if","locations":[{"start":{"line":747,"column":16},"end":{"line":750,"column":17}},{"start":{},"end":{}}],"line":747},"114":{"loc":{"start":{"line":747,"column":20},"end":{"line":747,"column":56}},"type":"binary-expr","locations":[{"start":{"line":747,"column":20},"end":{"line":747,"column":28}},{"start":{"line":747,"column":32},"end":{"line":747,"column":56}}],"line":747},"115":{"loc":{"start":{"line":766,"column":12},"end":{"line":776,"column":13}},"type":"if","locations":[{"start":{"line":766,"column":12},"end":{"line":776,"column":13}},{"start":{},"end":{}}],"line":766},"116":{"loc":{"start":{"line":794,"column":16},"end":{"line":796,"column":17}},"type":"if","locations":[{"start":{"line":794,"column":16},"end":{"line":796,"column":17}},{"start":{},"end":{}}],"line":794},"117":{"loc":{"start":{"line":811,"column":27},"end":{"line":811,"column":67}},"type":"cond-expr","locations":[{"start":{"line":811,"column":43},"end":{"line":811,"column":63}},{"start":{"line":811,"column":66},"end":{"line":811,"column":67}}],"line":811},"118":{"loc":{"start":{"line":838,"column":8},"end":{"line":843,"column":9}},"type":"if","locations":[{"start":{"line":838,"column":8},"end":{"line":843,"column":9}},{"start":{},"end":{}}],"line":838},"119":{"loc":{"start":{"line":856,"column":8},"end":{"line":861,"column":9}},"type":"if","locations":[{"start":{"line":856,"column":8},"end":{"line":861,"column":9}},{"start":{},"end":{}}],"line":856},"120":{"loc":{"start":{"line":863,"column":8},"end":{"line":868,"column":9}},"type":"if","locations":[{"start":{"line":863,"column":8},"end":{"line":868,"column":9}},{"start":{},"end":{}}],"line":863},"121":{"loc":{"start":{"line":863,"column":12},"end":{"line":863,"column":85}},"type":"binary-expr","locations":[{"start":{"line":863,"column":12},"end":{"line":863,"column":46}},{"start":{"line":863,"column":50},"end":{"line":863,"column":85}}],"line":863},"122":{"loc":{"start":{"line":877,"column":8},"end":{"line":884,"column":9}},"type":"if","locations":[{"start":{"line":877,"column":8},"end":{"line":884,"column":9}},{"start":{},"end":{}}],"line":877},"123":{"loc":{"start":{"line":878,"column":12},"end":{"line":883,"column":13}},"type":"if","locations":[{"start":{"line":878,"column":12},"end":{"line":883,"column":13}},{"start":{},"end":{}}],"line":878},"124":{"loc":{"start":{"line":878,"column":16},"end":{"line":878,"column":89}},"type":"binary-expr","locations":[{"start":{"line":878,"column":16},"end":{"line":878,"column":50}},{"start":{"line":878,"column":54},"end":{"line":878,"column":89}}],"line":878},"125":{"loc":{"start":{"line":892,"column":8},"end":{"line":941,"column":9}},"type":"if","locations":[{"start":{"line":892,"column":8},"end":{"line":941,"column":9}},{"start":{"line":920,"column":15},"end":{"line":941,"column":9}}],"line":892},"126":{"loc":{"start":{"line":900,"column":12},"end":{"line":919,"column":13}},"type":"if","locations":[{"start":{"line":900,"column":12},"end":{"line":919,"column":13}},{"start":{"line":914,"column":19},"end":{"line":919,"column":13}}],"line":900},"127":{"loc":{"start":{"line":900,"column":16},"end":{"line":900,"column":53}},"type":"binary-expr","locations":[{"start":{"line":900,"column":16},"end":{"line":900,"column":30}},{"start":{"line":900,"column":34},"end":{"line":900,"column":53}}],"line":900},"128":{"loc":{"start":{"line":902,"column":28},"end":{"line":902,"column":78}},"type":"binary-expr","locations":[{"start":{"line":902,"column":28},"end":{"line":902,"column":58}},{"start":{"line":902,"column":62},"end":{"line":902,"column":78}}],"line":902},"129":{"loc":{"start":{"line":904,"column":16},"end":{"line":908,"column":17}},"type":"if","locations":[{"start":{"line":904,"column":16},"end":{"line":908,"column":17}},{"start":{"line":906,"column":23},"end":{"line":908,"column":17}}],"line":904},"130":{"loc":{"start":{"line":904,"column":20},"end":{"line":904,"column":87}},"type":"binary-expr","locations":[{"start":{"line":904,"column":20},"end":{"line":904,"column":44}},{"start":{"line":904,"column":48},"end":{"line":904,"column":87}}],"line":904},"131":{"loc":{"start":{"line":906,"column":23},"end":{"line":908,"column":17}},"type":"if","locations":[{"start":{"line":906,"column":23},"end":{"line":908,"column":17}},{"start":{},"end":{}}],"line":906},"132":{"loc":{"start":{"line":916,"column":28},"end":{"line":916,"column":109}},"type":"binary-expr","locations":[{"start":{"line":916,"column":28},"end":{"line":916,"column":60}},{"start":{"line":916,"column":64},"end":{"line":916,"column":94}},{"start":{"line":916,"column":98},"end":{"line":916,"column":109}}],"line":916},"133":{"loc":{"start":{"line":922,"column":12},"end":{"line":939,"column":13}},"type":"if","locations":[{"start":{"line":922,"column":12},"end":{"line":939,"column":13}},{"start":{"line":925,"column":19},"end":{"line":939,"column":13}}],"line":922},"134":{"loc":{"start":{"line":922,"column":16},"end":{"line":922,"column":105}},"type":"binary-expr","locations":[{"start":{"line":922,"column":16},"end":{"line":922,"column":46}},{"start":{"line":922,"column":50},"end":{"line":922,"column":105}}],"line":922},"135":{"loc":{"start":{"line":925,"column":19},"end":{"line":939,"column":13}},"type":"if","locations":[{"start":{"line":925,"column":19},"end":{"line":939,"column":13}},{"start":{"line":928,"column":19},"end":{"line":939,"column":13}}],"line":925},"136":{"loc":{"start":{"line":925,"column":23},"end":{"line":925,"column":99}},"type":"binary-expr","locations":[{"start":{"line":925,"column":23},"end":{"line":925,"column":63}},{"start":{"line":925,"column":67},"end":{"line":925,"column":99}}],"line":925},"137":{"loc":{"start":{"line":928,"column":19},"end":{"line":939,"column":13}},"type":"if","locations":[{"start":{"line":928,"column":19},"end":{"line":939,"column":13}},{"start":{"line":931,"column":19},"end":{"line":939,"column":13}}],"line":928},"138":{"loc":{"start":{"line":928,"column":23},"end":{"line":928,"column":96}},"type":"binary-expr","locations":[{"start":{"line":928,"column":23},"end":{"line":928,"column":63}},{"start":{"line":928,"column":67},"end":{"line":928,"column":96}}],"line":928},"139":{"loc":{"start":{"line":931,"column":19},"end":{"line":939,"column":13}},"type":"if","locations":[{"start":{"line":931,"column":19},"end":{"line":939,"column":13}},{"start":{"line":934,"column":19},"end":{"line":939,"column":13}}],"line":931},"140":{"loc":{"start":{"line":931,"column":23},"end":{"line":931,"column":100}},"type":"binary-expr","locations":[{"start":{"line":931,"column":23},"end":{"line":931,"column":67}},{"start":{"line":931,"column":71},"end":{"line":931,"column":100}}],"line":931},"141":{"loc":{"start":{"line":953,"column":8},"end":{"line":961,"column":9}},"type":"if","locations":[{"start":{"line":953,"column":8},"end":{"line":961,"column":9}},{"start":{},"end":{}}],"line":953},"142":{"loc":{"start":{"line":963,"column":8},"end":{"line":970,"column":9}},"type":"if","locations":[{"start":{"line":963,"column":8},"end":{"line":970,"column":9}},{"start":{},"end":{}}],"line":963},"143":{"loc":{"start":{"line":975,"column":8},"end":{"line":975,"column":98}},"type":"if","locations":[{"start":{"line":975,"column":8},"end":{"line":975,"column":98}},{"start":{},"end":{}}],"line":975},"144":{"loc":{"start":{"line":976,"column":8},"end":{"line":976,"column":73}},"type":"if","locations":[{"start":{"line":976,"column":8},"end":{"line":976,"column":73}},{"start":{},"end":{}}],"line":976},"145":{"loc":{"start":{"line":977,"column":8},"end":{"line":977,"column":54}},"type":"if","locations":[{"start":{"line":977,"column":8},"end":{"line":977,"column":54}},{"s
[...]
":{"line":1414,"column":9}},"type":"if","locations":[{"start":{"line":1409,"column":8},"end":{"line":1414,"column":9}},{"start":{},"end":{}}],"line":1409},"189":{"loc":{"start":{"line":1409,"column":12},"end":{"line":1409,"column":91}},"type":"binary-expr","locations":[{"start":{"line":1409,"column":12},"end":{"line":1409,"column":48}},{"start":{"line":1409,"column":52},"end":{"line":1409,"column":91}}],"line":1409},"190":{"loc":{"start":{"line":1417,"column":8},"end":{"line":1422,"column":9}},"type":"if","locations":[{"start":{"line":1417,"column":8},"end":{"line":1422,"column":9}},{"start":{},"end":{}}],"line":1417},"191":{"loc":{"start":{"line":1450,"column":8},"end":{"line":1455,"column":9}},"type":"if","locations":[{"start":{"line":1450,"column":8},"end":{"line":1455,"column":9}},{"start":{},"end":{}}],"line":1450},"192":{"loc":{"start":{"line":1459,"column":31},"end":{"line":1460,"column":116}},"type":"binary-expr","locations":[{"start":{"line":1459,"column":31},"end":{"line":1459,"column":70}},{"start":{"line":1460,"column":12},"end":{"line":1460,"column":116}}],"line":1459},"193":{"loc":{"start":{"line":1463,"column":8},"end":{"line":1478,"column":9}},"type":"if","locations":[{"start":{"line":1463,"column":8},"end":{"line":1478,"column":9}},{"start":{"line":1465,"column":15},"end":{"line":1478,"column":9}}],"line":1463},"194":{"loc":{"start":{"line":1463,"column":12},"end":{"line":1463,"column":42}},"type":"binary-expr","locations":[{"start":{"line":1463,"column":12},"end":{"line":1463,"column":24}},{"start":{"line":1463,"column":28},"end":{"line":1463,"column":42}}],"line":1463},"195":{"loc":{"start":{"line":1465,"column":15},"end":{"line":1478,"column":9}},"type":"if","locations":[{"start":{"line":1465,"column":15},"end":{"line":1478,"column":9}},{"start":{"line":1473,"column":15},"end":{"line":1478,"column":9}}],"line":1465},"196":{"loc":{"start":{"line":1467,"column":12},"end":{"line":1472,"column":13}},"type":"if","locations":[{"start":{"line":1467,"column":12},"end":{"line":1472,"column":13}},{"start":{},"end":{}}],"line":1467},"197":{"loc":{"start":{"line":1517,"column":8},"end":{"line":1521,"column":9}},"type":"if","locations":[{"start":{"line":1517,"column":8},"end":{"line":1521,"column":9}},{"start":{"line":1519,"column":15},"end":{"line":1521,"column":9}}],"line":1517},"198":{"loc":{"start":{"line":1519,"column":15},"end":{"line":1521,"column":9}},"type":"if","locations":[{"start":{"line":1519,"column":15},"end":{"line":1521,"column":9}},{"start":{},"end":{}}],"line":1519},"199":{"loc":{"start":{"line":1552,"column":8},"end":{"line":1558,"column":9}},"type":"if","locations":[{"start":{"line":1552,"column":8},"end":{"line":1558,"column":9}},{"start":{"line":1554,"column":15},"end":{"line":1558,"column":9}}],"line":1552},"200":{"loc":{"start":{"line":1613,"column":8},"end":{"line":1618,"column":9}},"type":"if","locations":[{"start":{"line":1613,"column":8},"end":{"line":1618,"column":9}},{"start":{},"end":{}}],"line":1613},"201":{"loc":{"start":{"line":1624,"column":26},"end":{"line":1624,"column":49}},"type":"binary-expr","locations":[{"start":{"line":1624,"column":26},"end":{"line":1624,"column":43}},{"start":{"line":1624,"column":47},"end":{"line":1624,"column":49}}],"line":1624},"202":{"loc":{"start":{"line":1637,"column":39},"end":{"line":1637,"column":82}},"type":"cond-expr","locations":[{"start":{"line":1637,"column":56},"end":{"line":1637,"column":72}},{"start":{"line":1637,"column":75},"end":{"line":1637,"column":82}}],"line":1637},"203":{"loc":{"start":{"line":1638,"column":37},"end":{"line":1638,"column":149}},"type":"binary-expr","locations":[{"start":{"line":1638,"column":37},"end":{"line":1638,"column":70}},{"start":{"line":1638,"column":74},"end":{"line":1638,"column":92}},{"start":{"line":1638,"column":96},"end":{"line":1638,"column":113}},{"start":{"line":1638,"column":117},"end":{"line":1638,"column":149}}],"line":1638},"204":{"loc":{"start":{"line":1661,"column":12},"end":{"line":1664,"column":13}},"type":"if","locations":[{"start":{"line":1661,"column":12},"end":{"line":1664,"column":13}},{"start":{},"end":{}}],"line":1661},"205":{"loc":{"start":{"line":1670,"column":57},"end":{"line":1670,"column":159}},"type":"cond-expr","locations":[{"start":{"line":1670,"column":68},"end":{"line":1670,"column":136}},{"start":{"line":1670,"column":139},"end":{"line":1670,"column":159}}],"line":1670},"206":{"loc":{"start":{"line":1672,"column":12},"end":{"line":1709,"column":13}},"type":"switch","locations":[{"start":{"line":1673,"column":16},"end":{"line":1682,"column":26}},{"start":{"line":1683,"column":16},"end":{"line":1692,"column":26}},{"start":{"line":1693,"column":16},"end":{"line":1708,"column":26}}],"line":1672},"207":{"loc":{"start":{"line":1675,"column":20},"end":{"line":1681,"column":21}},"type":"if","locations":[{"start":{"line":1675,"column":20},"end":{"line":1681,"column":21}},{"start":{"line":1677,"column":27},"end":{"line":1681,"column":21}}],"line":1675},"208":{"loc":{"start":{"line":1675,"column":24},"end":{"line":1675,"column":66}},"type":"binary-expr","locations":[{"start":{"line":1675,"column":24},"end":{"line":1675,"column":33}},{"start":{"line":1675,"column":37},"end":{"line":1675,"column":66}}],"line":1675},"209":{"loc":{"start":{"line":1677,"column":27},"end":{"line":1681,"column":21}},"type":"if","locations":[{"start":{"line":1677,"column":27},"end":{"line":1681,"column":21}},{"start":{"line":1679,"column":27},"end":{"line":1681,"column":21}}],"line":1677},"210":{"loc":{"start":{"line":1679,"column":27},"end":{"line":1681,"column":21}},"type":"if","locations":[{"start":{"line":1679,"column":27},"end":{"line":1681,"column":21}},{"start":{},"end":{}}],"line":1679},"211":{"loc":{"start":{"line":1685,"column":20},"end":{"line":1691,"column":21}},"type":"if","locations":[{"start":{"line":1685,"column":20},"end":{"line":1691,"column":21}},{"start":{"line":1687,"column":27},"end":{"line":1691,"column":21}}],"line":1685},"212":{"loc":{"start":{"line":1685,"column":24},"end":{"line":1685,"column":66}},"type":"binary-expr","locations":[{"start":{"line":1685,"column":24},"end":{"line":1685,"column":33}},{"start":{"line":1685,"column":37},"end":{"line":1685,"column":66}}],"line":1685},"213":{"loc":{"start":{"line":1687,"column":27},"end":{"line":1691,"column":21}},"type":"if","locations":[{"start":{"line":1687,"column":27},"end":{"line":1691,"column":21}},{"start":{"line":1689,"column":27},"end":{"line":1691,"column":21}}],"line":1687},"214":{"loc":{"start":{"line":1689,"column":27},"end":{"line":1691,"column":21}},"type":"if","locations":[{"start":{"line":1689,"column":27},"end":{"line":1691,"column":21}},{"start":{},"end":{}}],"line":1689},"215":{"loc":{"start":{"line":1695,"column":20},"end":{"line":1707,"column":21}},"type":"if","locations":[{"start":{"line":1695,"column":20},"end":{"line":1707,"column":21}},{"start":{"line":1697,"column":27},"end":{"line":1707,"column":21}}],"line":1695},"216":{"loc":{"start":{"line":1695,"column":24},"end":{"line":1695,"column":66}},"type":"binary-expr","locations":[{"start":{"line":1695,"column":24},"end":{"line":1695,"column":33}},{"start":{"line":1695,"column":37},"end":{"line":1695,"column":66}}],"line":1695},"217":{"loc":{"start":{"line":1697,"column":27},"end":{"line":1707,"column":21}},"type":"if","locations":[{"start":{"line":1697,"column":27},"end":{"line":1707,"column":21}},{"start":{"line":1705,"column":27},"end":{"line":1707,"column":21}}],"line":1697},"218":{"loc":{"start":{"line":1700,"column":24},"end":{"line":1704,"column":25}},"type":"if","locations":[{"start":{"line":1700,"column":24},"end":{"line":1704,"column":25}},{"start":{"line":1702,"column":31},"end":{"line":1704,"column":25}}],"line":1700},"219":{"loc":{"start":{"line":1705,"column":27},"end":{"line":1707,"column":21}},"type":"if","locations":[{"start":{"line":1705,"column":27},"end":{"line":1707,"column":21}},{"start":{},"end":{}}],"line":1705},"220":{"loc":{"start":{"line":1715,"column":29},"end":{"line":1715,"column":71}},"type":"binary-expr","locations":[{"start":{"line":1715,"column":29},"end":{"line":1715,"column":37}},{"start":{"line":1715,"column":41},"end":{"line":1715,"column":71}}],"line":1715},"221":{"loc":{"start":{"line":1716,"column":29},"end":{"line":1716,"column":71}},"type":"binary-expr","locations":[{"start":{"line":1716,"column":29},"end":{"line":1716,"column":37}},{"start":{"line":1716,"column":41},"end":{"line":1716,"column":71}}],"line":1716},"222":{"loc":{"start":{"line":1719,"column":12},"end":{"line":1723,"column":13}},"type":"if","locations":[{"start":{"line":1719,"column":12},"end":{"line":1723,"column":13}},{"start":{},"end":{}}],"line":1719},"223":{"loc":{"start":{"line":1719,"column":16},"end":{"line":1719,"column":99}},"type":"binary-expr","locations":[{"start":{"line":1719,"column":16},"end":{"line":1719,"column":51}},{"start":{"line":1719,"column":55},"end":{"line":1719,"column":65}},{"start":{"line":1719,"column":69},"end":{"line":1719,"column":99}}],"line":1719},"224":{"loc":{"start":{"line":1725,"column":30},"end":{"line":1725,"column":56}},"type":"binary-expr","locations":[{"start":{"line":1725,"column":30},"end":{"line":1725,"column":41}},{"start":{"line":1725,"column":45},"end":{"line":1725,"column":56}}],"line":1725},"225":{"loc":{"start":{"line":1727,"column":12},"end":{"line":1729,"column":13}},"type":"if","locations":[{"start":{"line":1727,"column":12},"end":{"line":1729,"column":13}},{"start":{},"end":{}}],"line":1727},"226":{"loc":{"start":{"line":1733,"column":12},"end":{"line":1740,"column":13}},"type":"if","locations":[{"start":{"line":1733,"column":12},"end":{"line":1740,"column":13}},{"start":{"line":1735,"column":19},"end":{"line":1740,"column":13}}],"line":1733},"227":{"loc":{"start":{"line":1733,"column":16},"end":{"line":1733,"column":50}},"type":"binary-expr","locations":[{"start":{"line":1733,"column":16},"end":{"line":1733,"column":26}},{"start":{"line":1733,"column":30},"end":{"line":1733,"column":50}}],"line":1733},"228":{"loc":{"start":{"line":1735,"column":19},"end":{"line":1740,"column":13}},"type":"if","locations":[{"start":{"line":1735,"column":19},"end":{"line":1740,"column":13}},{"start":{"line":1737,"column":19},"end":{"line":1740,"column":13}}],"line":1735},"229":{"loc":{"start":{"line":1735,"column":23},"end":{"line":1735,"column":57}},"type":"binary-expr","locations":[{"start":{"line":1735,"column":23},"end":{"line":1735,"column":33}},{"start":{"line":1735,"column":37},"end":{"line":1735,"column":57}}],"line":1735},"230":{"loc":{"start":{"line":1737,"column":19},"end":{"line":1740,"column":13}},"type":"if","locations":[{"start":{"line":1737,"column":19},"end":{"line":1740,"column":13}},{"start":{},"end":{}}],"line":1737},"231":{"loc":{"start":{"line":1737,"column":23},"end":{"line":1737,"column":47}},"type":"binary-expr","locations":[{"start":{"line":1737,"column":23},"end":{"line":1737,"column":33}},{"start":{"line":1737,"column":37},"end":{"line":1737,"column":47}}],"line":1737},"232":{"loc":{"start":{"line":1746,"column":29},"end":{"line":1752,"column":26}},"type":"cond-expr","locations":[{"start":{"line":1747,"column":22},"end":{"line":1751,"column":21}},{"start":{"line":1752,"column":22},"end":{"line":1752,"column":26}}],"line":1746},"233":{"loc":{"start":{"line":1746,"column":29},"end":{"line":1746,"column":76}},"type":"binary-expr","locations":[{"start":{"line":1746,"column":30},"end":{"line":1746,"column":40}},{"start":{"line":1746,"column":44},"end":{"line":1746,"column":54}},{"start":{"line":1746,"column":59},"end":{"line":1746,"column":76}}],"line":1746},"234":{"loc":{"start":{"line":1754,"column":26},"end":{"line":1754,"column":52}},"type":"binary-expr","locations":[{"start":{"line":1754,"column":26},"end":{"line":1754,"column":44}},{"start":{"line":1754,"column":48},"end":{"line":1754,"column":52}}],"line":1754},"235":{"loc":{"start":{"line":1763,"column":12},"end":{"line":1767,"column":13}},"type":"if","locations":[{"start":{"line":1763,"column":12},"end":{"line":1767,"column":13}},{"start":{},"end":{}}],"line":1763},"236":{"loc":{"start":{"line":1772,"column":30},"end":{"line":1773,"column":64}},"type":"binary-expr","locations":[{"start":{"line":1772,"column":30},"end":{"line":1772,"column":50}},{"start":{"line":1772,"column":54},"end":{"line":1772,"column":74}},{"start":{"line":1773,"column":13},"end":{"line":1773,"column":63}}],"line":1772},"237":{"loc":{"start":{"line":1773,"column":13},"end":{"line":1773,"column":63}},"type":"cond-expr","locations":[{"start":{"line":1773,"column":35},"end":{"line":1773,"column":56}},{"start":{"line":1773,"column":59},"end":{"line":1773,"column":63}}],"line":1773}},"s":{"0":0,"1":0,"2":0,"3":0,"4":0,"5":0,"6":0,"7":0,"8":0,"9":0,"10":0,"11":1,"12":0,"13":0,"14":0,"15":0,"16":0,"17":0,"18":0,"19":0,"20":0,"21":0,"22":0,"23":0,"24":0,"25":0,"26":0,"27":0,"28":0,"29":0,"30":0,"31":0,"32":0,"33":0,"34":0,"35":0,"36":0,"37":0,"38":0,"39":0,"40":0,"41":0,"42":0,"43":0,"44":0,"45":0,"46":0,"47":0,"48":0,"49":0,"50":0,"51":0,"52":0,"53":0,"54":0,"55":0,"56":0,"57":0,"58":0,"59":0,"60":0,"61":0,"62":0,"63":0,"64":0,"65":1,"66":0,"67":0,"68":0,"69":0,"70":0,"71":0,"72":0,"73":0,"74":0,"75":0,"76":0,"77":0,"78":0,"79":0,"80":0,"81":0,"82":0,"83":0,"84":0,"85":0,"86":0,"87":1,"88":0,"89":0,"90":0,"91":0,"92":0,"93":0,"94":0,"95":0,"96":0,"97":0,"98":0,"99":0,"100":0,"101":0,"102":0,"103":0,"104":0,"105":0,"106":0,"107":0,"108":0,"109":0,"110":0,"111":0,"112":1,"113":0,"114":0,"115":0,"116":0,"117":0,"118":0,"119":0,"120":0,"121":0,"122":0,"123":0,"124":0,"125":0,"126":0,"127":0,"128":0,"129":0,"130":0,"131":0,"132":0,"133":0,"134":0,"135":0,"136":0,"137":0,"138":0,"139":0,"140":0,"141":0,"142":0,"143":0,"144":0,"145":0,"146":0,"147":0,"148":0,"149":0,"150":0,"151":0,"152":0,"153":0,"154":0,"155":0,"156":0,"157":0,"158":0,"159":0,"160":0,"161":0,"162":0,"163":1,"164":0,"165":0,"166":0,"167":0,"168":0,"169":0,"170":0,"171":0,"172":0,"173":0,"174":0,"175":0,"176":0,"177":0,"178":0,"179":0,"180":0,"181":0,"182":0,"183":0,"184":0,"185":0,"186":0,"187":0,"188":0,"189":0,"190":0,"191":0,"192":0,"193":0,"194":0,"195":0,"196":0,"197":0,"198":0,"199":0,"200":0,"201":0,"202":0,"203":0,"204":0,"205":0,"206":0,"207":0,"208":0,"209":0,"210":0,"211":0,"212":0,"213":0,"214":0,"215":1,"216":0,"217":0,"218":0,"219":0,"220":0,"221":0,"222":0,"223":0,"224":0,"225":0,"226":0,"227":0,"228":0,"229":0,"230":0,"231":0,"232":0,"233":0,"234":0,"235":0,"236":0,"237":0,"238":0,"239":0,"240":0,"241":0,"242":0,"243":0,"244":0,"245":0,"246":0,"247":0,"248":0,"249":0,"250":0,"251":0,"252":0,"253":0,"254":0,"255":0,"256":0,"257":0,"258":0,"259":0,"260":0,"261":0,"262":0,"263":0,"264":0,"265":0,"266":0,"267":0,"268":0,"269":0,"270":0,"271":0,"272":0,"273":0,"274":0,"275":0,"276":0,"277":0,"278":0,"279":0,"280":0,"281":0,"282":0,"283":0,"284":0,"285":0,"286":0,"287":0,"288":0,"289":0,"290":0,"291":0,"292":0,"293":0,"294":0,"295":0,"296":0,"297":0,"298":0,"299":0,"300":0,"301":0,"302":0,"303":0,"304":0,"305":0,"306":1,"307":0,"308":0,"309":0,"310":0,"311":0,"312":0,"313":0,"314":0,"315":0,"316":0,"317":0,"318":0,"319":0,"320":0,"321":0,"322":0,"323":0,"324":0,"325":0,"326":0,"327":0,"328":0,"329":0,"330":0,"331":0,"332":0,"333":0,"334":0,"335":0,"336":0,"337":0,"338":0,"339":0,"340":0,"341":0,"342":0,"343":0,"344":0,"345":0,"346":0,"347":0,"348":0,"349":0,"350":0,"351":0,"352":0,"353":1,"354":0,"355":0,"356":0,"357":0,"358":0,"359":0,"360":0,"361":0,"362":0,"363":0,"364":0,"365":0,"366":0,"367":0,"368":0,"369":0,"370":0,"371":0,"372":0,"373":0,"374":0,"375":0,"376":0,"377":0,"378":0,"379":0,"380":0,"381":0,"382":0,"383":0,"384":0,"385":0,"386":0,"387":0,"388":0,"389":0,"390":0,"391":0,"392":0,"393":0,"394":0,"395":0,"396":0,"397":0,"398":0,"399":0,"400":0,"401":0,"402":0,"403":0,"404":0,"405":1,"406":0,"407":0,"408":0,"409":0,"410":0,"411":0,"412":0,"413":0,"414":0,"415":0,"416":0,"417":0,"418":0,"419":1,"420":4,"421":4,"422":4,"423":4,"424":1,"425":3,"426":3,"427":3,"428":3,"429":3,"430":2,"431":1,"432":1,"433":1,"434":1,"435":1,"436":0,"437":0,"438":1,"439":0,"440":0,"441":0,"442":0,"443":0,"444":0,"445":0,"446":0,"447":0,"448":0,"449":0,"450":0,"451":0,"452":0,"453":0,"454":0,"455":0,"456":0,"457":0,"458":1,"459":0,"460":0,"461":0,"462":0,"463":0,"464":0,"465":0,"466":0,"467":0,"468":0,"469":0,"470":0,"471":0,"472":0,"473":0,"474":0,"475":0,"476":0,"477":0,"478":0,"479":0,"480":0,"481":0,"482":0,"483":0,"484":0,"485":0,"486":0,"487":0,"488":0,"489":0,"490":0,"491":0,"492":0,"493":0,"494":0,"495":0,"496":0,"497":0,"498":0,"499":0,"500":0,"501":0,"502":0,"503":0,"504":0,"505":0,"506":0,"507":0,"508":0,"509":0,"510":0,"511":0,"512":0,"513":0,"514":0,"515":0,"516":0,"517":0,"518":0,"519":0,"520":0,"521":0,"522":0,"523":0,"524":0,"525":0,"526":0,"527":0,"528":0,"529":0,"530":0,"531":0,"532":0,"533":0,"534":0,"535":0,"536":0,"537":0,"538":0},"f":{"0":0,"1":0,"2":0,"3":0,"4":0,"5":0,"6":0,"7":0,"8":0,"9":0,"10":0,"11":0,"12":0,"13":0,"14":0,"15":0,"16":0,"17":0,"18":0,"19":0,"20":0,"21":0,"22":0,"23":4,"24":0,"25":0,"26":0,"27":0,"28":0,"29":0,"30":0,"31":0},"b":{"0":[0,0],"1":[0,0,0,0],"2":[0],"3":[0],"4":[0],"5":[0],"6":[0],"7":[0],"8":[0],"9":[0],"10":[0],"11":[0],"12":[0],"13":[0,0],"14":[0,0],"15":[0,0],"16":[0,0],"17":[0,0],"18":[0,0],"19":[0,0],"20":[0,0],"21":[0,0],"22":[0,0],"23":[0,0],"24":[0,0],"25":[0,0],"26":[0,0],"27":[0,0],"28":[0,0],"29":[0,0],"30":[0,0],"31":[0,0],"32":[0,0],"33":[0,0],"34":[0,0],"35":[0,0],"36":[0,0],"37":[0,0],"38":[0,0],"39":[0,0],"40":[0,0],"41":[0,0],"42":[0,0],"43":[0,0],"44":[0,0],"45":[0,0],"46":[0,0,0,0,0,0],"47":[0,0],"48":[0,0],"49":[0,0],"50":[0,0],"51":[0,0],"52":[0,0],"53":[0,0],"54":[0,0],"55":[0,0],"56":[0],"57":[0,0],"58":[0,0],"59":[0,0],"60":[0,0],"61":[0,0],"62":[0,0],"63":[0,0],"64":[0,0],"65":[0,0],"66":[0,0],"67":[0,0],"68":[0,0],"69":[0,0],"70":[0,0],"71":[0,0],"72":[0,0],"73":[0,0],"74":[0,0],"75":[0,0],"76":[0,0],"77":[0,0],"78":[0,0],"79":[0,0],"80":[0,0],"81":[0,0],"82":[0,0],"83":[0,0],"84":[0,0],"85":[0,0],"86":[0,0],"87":[0,0],"88":[0,0],"89":[0,0],"90":[0,0],"91":[0,0],"92":[0,0],"93":[0,0],"94":[0,0],"95":[0,0],"96":[0,0],"97":[0,0],"98":[0,0],"99":[0,0],"100":[0,0],"101":[0,0],"102":[0,0],"103":[0,0],"104":[0,0],"105":[0,0,0],"106":[0,0],"107":[0,0],"108":[0,0],"109":[0,0],"110":[0,0],"111":[0,0],"112":[0,0],"113":[0,0],"114":[0,0],"115":[0,0],"116":[0,0],"117":[0,0],"118":[0,0],"119":[0,0],"120":[0,0],"121":[0,0],"122":[0,0],"123":[0,0],"124":[0,0],"125":[0,0],"126":[0,0],"127":[0,0],"128":[0,0],"129":[0,0],"130":[0,0],"131":[0,0],"132":[0,0,0],"133":[0,0],"134":[0,0],"135":[0,0],"136":[0,0],"137":[0,0],"138":[0,0],"139":[0,0],"140":[0,0],"141":[0,0],"142":[0,0],"143":[0,0],"144":[0,0],"145":[0,0],"146":[0,0],"147":[0,0],"148":[0,0],"149":[0,0],"150":[0,0],"151":[0,0],"152":[0,0],"153":[0,0],"154":[0,0],"155":[0,0],"156":[0,0],"157":[0,0],"158":[0,0],"159":[0,0],"160":[0,0],"161":[0,0],"162":[0,0],"163":[0,0],"164":[0,0],"165":[0,0],"166":[0,0],"167":[0,0],"168":[0,0],"169":[0,0],"170":[0],"171":[0,0],"172":[0,0],"173":[0,0],"174":[0,0],"175":[0,0],"176":[0,0],"177":[0,0],"178":[0,0],"179":[0,0],"180":[0,0],"181":[0,0],"182":[0,0],"183":[0,0],"184":[0,0],"185":[0,0],"186":[0,0],"187":[0,0],"188":[0,0],"189":[0,0],"190":[0,0],"191":[1,3],"192":[3,0],"193":[0,3],"194":[3,3],"195":[2,1],"196":[1,1],"197":[0,0],"198":[0,0],"199":[0,0],"200":[0,0],"201":[0,0],"202":[0,0],"203":[0,0,0,0],"204":[0,0],"205":[0,0],"206":[0,0,0],"207":[0,0],"208":[0,0],"209":[0,0],"210":[0,0],"211":[0,0],"212":[0,0],"213":[0,0],"214":[0,0],"215":[0,0],"216":[0,0],"217":[0,0],"218":[0,0],"219":[0,0],"220":[0,0],"221":[0,0],"222":[0,0],"223":[0,0,0],"224":[0,0],"225":[0,0],"226":[0,0],"227":[0,0],"228":[0,0],"229":[0,0],"230":[0,0],"231":[0,0],"232":[0,0],"233":[0,0,0],"234":[0,0],"235":[0,0],"236":[0,0,0],"237":[0,0]},"inputSourceMap":null,"_coverageSchema":"1a1c01bbd47fc00a2c39e90264f33305004495a9","hash":"63408ee80dc183268b18e072493f9345fad63f8e"}
}
