TN:
SF:config\appConfig.js
FNF:0
FNH:0
DA:3,1
DA:5,1
LF:2
LH:2
BRDA:7,0,0,1
BRDA:7,0,1,1
BRF:2
BRH:2
end_of_record
TN:
SF:controllers\requestController.js
FN:10,generateRequestNumber
FN:21,buildOrderClause
FN:40,(anonymous_2)
FN:149,(anonymous_3)
FN:176,(anonymous_4)
FN:234,(anonymous_5)
FN:328,(anonymous_6)
FN:342,(anonymous_7)
FN:364,(anonymous_8)
FN:391,(anonymous_9)
FN:441,(anonymous_10)
FN:464,(anonymous_11)
FN:513,(anonymous_12)
FN:578,(anonymous_13)
FN:595,(anonymous_14)
FN:641,(anonymous_15)
FN:695,(anonymous_16)
FN:835,(anonymous_17)
FN:912,(anonymous_18)
FN:1050,(anonymous_19)
FN:1088,(anonymous_20)
FN:1234,(anonymous_21)
FN:1395,(anonymous_22)
FN:1444,(anonymous_23)
FN:1512,(anonymous_24)
FN:1546,(anonymous_25)
FN:1553,(anonymous_26)
FN:1557,(anonymous_27)
FN:1574,(anonymous_28)
FN:1627,(anonymous_29)
FN:1666,(anonymous_30)
FN:1785,(anonymous_31)
FNF:32
FNH:1
FNDA:0,generateRequestNumber
FNDA:0,buildOrderClause
FNDA:0,(anonymous_2)
FNDA:0,(anonymous_3)
FNDA:0,(anonymous_4)
FNDA:0,(anonymous_5)
FNDA:0,(anonymous_6)
FNDA:0,(anonymous_7)
FNDA:0,(anonymous_8)
FNDA:0,(anonymous_9)
FNDA:0,(anonymous_10)
FNDA:0,(anonymous_11)
FNDA:0,(anonymous_12)
FNDA:0,(anonymous_13)
FNDA:0,(anonymous_14)
FNDA:0,(anonymous_15)
FNDA:0,(anonymous_16)
FNDA:0,(anonymous_17)
FNDA:0,(anonymous_18)
FNDA:0,(anonymous_19)
FNDA:0,(anonymous_20)
FNDA:0,(anonymous_21)
FNDA:0,(anonymous_22)
FNDA:4,(anonymous_23)
FNDA:0,(anonymous_24)
FNDA:0,(anonymous_25)
FNDA:0,(anonymous_26)
FNDA:0,(anonymous_27)
FNDA:0,(anonymous_28)
FNDA:0,(anonymous_29)
FNDA:0,(anonymous_30)
FNDA:0,(anonymous_31)
DA:11,0
DA:12,0
DA:13,0
DA:14,0
DA:15,0
DA:17,0
DA:22,0
DA:24,0
DA:26,0
DA:28,0
DA:35,0
DA:40,1
DA:41,0
DA:54,0
DA:56,0
DA:59,0
DA:60,0
DA:63,0
DA:65,0
DA:66,0
DA:68,0
DA:69,0
DA:70,0
DA:72,0
DA:76,0
DA:78,0
DA:80,0
DA:82,0
DA:84,0
DA:86,0
DA:89,0
DA:90,0
DA:93,0
DA:94,0
DA:97,0
DA:98,0
DA:101,0
DA:102,0
DA:109,0
DA:110,0
DA:111,0
DA:112,0
DA:115,0
DA:149,0
DA:150,0
DA:176,0
DA:191,0
DA:193,0
DA:195,0
DA:196,0
DA:199,0
DA:201,0
DA:202,0
DA:203,0
DA:204,0
DA:206,0
DA:212,0
DA:215,0
DA:225,0
DA:226,0
DA:234,1
DA:235,0
DA:236,0
DA:238,0
DA:266,0
DA:267,0
DA:274,0
DA:276,0
DA:284,0
DA:290,0
DA:291,0
DA:297,0
DA:328,0
DA:342,0
DA:365,0
DA:366,0
DA:367,0
DA:370,0
DA:371,0
DA:373,0
DA:382,0
DA:383,0
DA:391,1
DA:392,0
DA:393,0
DA:394,0
DA:395,0
DA:396,0
DA:397,0
DA:404,0
DA:405,0
DA:421,0
DA:424,0
DA:425,0
DA:426,0
DA:433,0
DA:434,0
DA:441,0
DA:442,0
DA:443,0
DA:447,0
DA:463,0
DA:464,0
DA:480,0
DA:492,0
DA:504,0
DA:505,0
DA:513,1
DA:514,0
DA:515,0
DA:516,0
DA:517,0
DA:518,0
DA:519,0
DA:525,0
DA:526,0
DA:530,0
DA:531,0
DA:537,0
DA:538,0
DA:539,0
DA:541,0
DA:542,0
DA:558,0
DA:561,0
DA:562,0
DA:563,0
DA:564,0
DA:565,0
DA:566,0
DA:567,0
DA:568,0
DA:569,0
DA:572,0
DA:574,0
DA:577,0
DA:578,0
DA:595,0
DA:596,0
DA:597,0
DA:599,0
DA:603,0
DA:605,0
DA:609,0
DA:611,0
DA:612,0
DA:615,0
DA:624,0
DA:633,0
DA:634,0
DA:641,1
DA:642,0
DA:643,0
DA:645,0
DA:649,0
DA:650,0
DA:656,0
DA:657,0
DA:663,0
DA:664,0
DA:670,0
DA:671,0
DA:678,0
DA:682,0
DA:684,0
DA:686,0
DA:687,0
DA:689,0
DA:693,0
DA:694,0
DA:695,0
DA:698,0
DA:701,0
DA:702,0
DA:709,0
DA:710,0
DA:714,0
DA:715,0
DA:722,0
DA:730,0
DA:732,0
DA:734,0
DA:735,0
DA:736,0
DA:747,0
DA:749,0
DA:754,0
DA:766,0
DA:767,0
DA:780,0
DA:788,0
DA:789,0
DA:790,0
DA:793,0
DA:794,0
DA:795,0
DA:799,0
DA:804,0
DA:816,0
DA:826,0
DA:827,0
DA:835,1
DA:836,0
DA:837,0
DA:838,0
DA:839,0
DA:845,0
DA:846,0
DA:848,0
DA:856,0
DA:857,0
DA:863,0
DA:864,0
DA:871,0
DA:877,0
DA:878,0
DA:879,0
DA:887,0
DA:888,0
DA:889,0
DA:892,0
DA:893,0
DA:896,0
DA:900,0
DA:901,0
DA:902,0
DA:904,0
DA:905,0
DA:906,0
DA:907,0
DA:911,0
DA:912,0
DA:916,0
DA:917,0
DA:918,0
DA:922,0
DA:923,0
DA:924,0
DA:925,0
DA:926,0
DA:927,0
DA:928,0
DA:929,0
DA:930,0
DA:931,0
DA:932,0
DA:933,0
DA:935,0
DA:940,0
DA:945,0
DA:953,0
DA:955,0
DA:963,0
DA:964,0
DA:973,0
DA:974,0
DA:975,0
DA:976,0
DA:977,0
DA:978,0
DA:981,0
DA:982,0
DA:983,0
DA:986,0
DA:988,0
DA:996,0
DA:998,0
DA:999,0
DA:1000,0
DA:1001,0
DA:1008,0
DA:1009,0
DA:1023,0
DA:1031,0
DA:1033,0
DA:1036,0
DA:1037,0
DA:1038,0
DA:1042,0
DA:1046,0
DA:1049,0
DA:1050,0
DA:1051,0
DA:1058,0
DA:1070,0
DA:1079,0
DA:1080,0
DA:1088,1
DA:1089,0
DA:1090,0
DA:1091,0
DA:1092,0
DA:1098,0
DA:1099,0
DA:1101,0
DA:1103,0
DA:1104,0
DA:1110,0
DA:1111,0
DA:1121,0
DA:1127,0
DA:1128,0
DA:1129,0
DA:1136,0
DA:1137,0
DA:1138,0
DA:1139,0
DA:1140,0
DA:1143,0
DA:1144,0
DA:1145,0
DA:1146,0
DA:1147,0
DA:1148,0
DA:1150,0
DA:1158,0
DA:1165,0
DA:1166,0
DA:1175,0
DA:1176,0
DA:1177,0
DA:1178,0
DA:1181,0
DA:1188,0
DA:1196,0
DA:1197,0
DA:1199,0
DA:1204,0
DA:1216,0
DA:1225,0
DA:1226,0
DA:1234,1
DA:1235,0
DA:1236,0
DA:1237,0
DA:1238,0
DA:1244,0
DA:1245,0
DA:1247,0
DA:1249,0
DA:1251,0
DA:1252,0
DA:1258,0
DA:1259,0
DA:1266,0
DA:1269,0
DA:1275,0
DA:1276,0
DA:1277,0
DA:1284,0
DA:1285,0
DA:1287,0
DA:1288,0
DA:1290,0
DA:1295,0
DA:1296,0
DA:1297,0
DA:1298,0
DA:1299,0
DA:1300,0
DA:1303,0
DA:1311,0
DA:1318,0
DA:1319,0
DA:1328,0
DA:1329,0
DA:1330,0
DA:1331,0
DA:1334,0
DA:1337,0
DA:1338,0
DA:1342,0
DA:1343,0
DA:1345,0
DA:1348,0
DA:1356,0
DA:1357,0
DA:1359,0
DA:1364,0
DA:1376,0
DA:1386,0
DA:1387,0
DA:1395,1
DA:1396,0
DA:1397,0
DA:1399,0
DA:1401,0
DA:1402,0
DA:1409,0
DA:1410,0
DA:1417,0
DA:1418,0
DA:1424,0
DA:1426,0
DA:1435,0
DA:1436,0
DA:1444,1
DA:1445,4
DA:1446,4
DA:1448,4
DA:1450,4
DA:1451,1
DA:1458,3
DA:1459,3
DA:1461,3
DA:1463,3
DA:1465,3
DA:1467,2
DA:1468,1
DA:1474,1
DA:1481,1
DA:1484,1
DA:1495,1
DA:1503,0
DA:1504,0
DA:1512,1
DA:1513,0
DA:1514,0
DA:1517,0
DA:1518,0
DA:1519,0
DA:1520,0
DA:1523,0
DA:1533,0
DA:1546,0
DA:1547,0
DA:1552,0
DA:1553,0
DA:1556,0
DA:1557,0
DA:1560,0
DA:1565,0
DA:1566,0
DA:1574,1
DA:1575,0
DA:1576,0
DA:1579,0
DA:1613,0
DA:1614,0
DA:1621,0
DA:1624,0
DA:1625,0
DA:1626,0
DA:1627,0
DA:1629,0
DA:1637,0
DA:1638,0
DA:1640,0
DA:1654,0
DA:1655,0
DA:1657,0
DA:1658,0
DA:1661,0
DA:1662,0
DA:1663,0
DA:1666,0
DA:1667,0
DA:1668,0
DA:1670,0
DA:1672,0
DA:1674,0
DA:1675,0
DA:1676,0
DA:1677,0
DA:1678,0
DA:1679,0
DA:1680,0
DA:1682,0
DA:1684,0
DA:1685,0
DA:1686,0
DA:1687,0
DA:1688,0
DA:1689,0
DA:1690,0
DA:1692,0
DA:1694,0
DA:1695,0
DA:1696,0
DA:1697,0
DA:1700,0
DA:1701,0
DA:1703,0
DA:1705,0
DA:1706,0
DA:1708,0
DA:1715,0
DA:1716,0
DA:1719,0
DA:1722,0
DA:1725,0
DA:1727,0
DA:1728,0
DA:1732,0
DA:1733,0
DA:1734,0
DA:1735,0
DA:1736,0
DA:1737,0
DA:1739,0
DA:1742,0
DA:1760,0
DA:1763,0
DA:1764,0
DA:1765,0
DA:1766,0
DA:1772,0
DA:1776,0
DA:1785,0
DA:1793,0
DA:1794,0
LF:511
LH:28
BRDA:22,0,0,0
BRDA:22,0,1,0
BRDA:24,1,0,0
BRDA:24,1,1,0
BRDA:24,1,2,0
BRDA:24,1,3,0
BRDA:43,2,0,0
BRDA:44,3,0,0
BRDA:45,4,0,0
BRDA:46,5,0,0
BRDA:47,6,0,0
BRDA:48,7,0,0
BRDA:49,8,0,0
BRDA:50,9,0,0
BRDA:51,10,0,0
BRDA:52,11,0,0
BRDA:53,12,0,0
BRDA:63,13,0,0
BRDA:63,13,1,0
BRDA:66,14,0,0
BRDA:66,14,1,0
BRDA:70,15,0,0
BRDA:70,15,1,0
BRDA:76,16,0,0
BRDA:76,16,1,0
BRDA:78,17,0,0
BRDA:78,17,1,0
BRDA:78,18,0,0
BRDA:78,18,1,0
BRDA:84,19,0,0
BRDA:84,19,1,0
BRDA:89,20,0,0
BRDA:89,20,1,0
BRDA:89,21,0,0
BRDA:89,21,1,0
BRDA:93,22,0,0
BRDA:93,22,1,0
BRDA:97,23,0,0
BRDA:97,23,1,0
BRDA:97,24,0,0
BRDA:97,24,1,0
BRDA:101,25,0,0
BRDA:101,25,1,0
BRDA:109,26,0,0
BRDA:109,26,1,0
BRDA:109,27,0,0
BRDA:109,27,1,0
BRDA:111,28,0,0
BRDA:111,28,1,0
BRDA:112,29,0,0
BRDA:112,29,1,0
BRDA:170,30,0,0
BRDA:170,30,1,0
BRDA:171,31,0,0
BRDA:171,31,1,0
BRDA:176,32,0,0
BRDA:176,32,1,0
BRDA:180,33,0,0
BRDA:180,33,1,0
BRDA:193,34,0,0
BRDA:193,34,1,0
BRDA:195,35,0,0
BRDA:195,35,1,0
BRDA:195,36,0,0
BRDA:195,36,1,0
BRDA:202,37,0,0
BRDA:202,37,1,0
BRDA:202,38,0,0
BRDA:202,38,1,0
BRDA:203,39,0,0
BRDA:203,39,1,0
BRDA:203,40,0,0
BRDA:203,40,1,0
BRDA:204,41,0,0
BRDA:204,41,1,0
BRDA:204,42,0,0
BRDA:204,42,1,0
BRDA:266,43,0,0
BRDA:266,43,1,0
BRDA:274,44,0,0
BRDA:274,44,1,0
BRDA:274,45,0,0
BRDA:274,45,1,0
BRDA:284,46,0,0
BRDA:284,46,1,0
BRDA:284,46,2,0
BRDA:284,46,3,0
BRDA:284,46,4,0
BRDA:284,46,5,0
BRDA:290,47,0,0
BRDA:290,47,1,0
BRDA:320,48,0,0
BRDA:320,48,1,0
BRDA:328,49,0,0
BRDA:328,49,1,0
BRDA:336,50,0,0
BRDA:336,50,1,0
BRDA:342,51,0,0
BRDA:342,51,1,0
BRDA:346,52,0,0
BRDA:346,52,1,0
BRDA:351,53,0,0
BRDA:351,53,1,0
BRDA:394,54,0,0
BRDA:394,54,1,0
BRDA:404,55,0,0
BRDA:404,55,1,0
BRDA:417,56,0,0
BRDA:425,57,0,0
BRDA:425,57,1,0
BRDA:433,58,0,0
BRDA:433,58,1,0
BRDA:442,59,0,0
BRDA:442,59,1,0
BRDA:442,60,0,0
BRDA:442,60,1,0
BRDA:450,61,0,0
BRDA:450,61,1,0
BRDA:451,62,0,0
BRDA:451,62,1,0
BRDA:458,63,0,0
BRDA:458,63,1,0
BRDA:469,64,0,0
BRDA:469,64,1,0
BRDA:470,65,0,0
BRDA:470,65,1,0
BRDA:471,66,0,0
BRDA:471,66,1,0
BRDA:472,67,0,0
BRDA:472,67,1,0
BRDA:473,68,0,0
BRDA:473,68,1,0
BRDA:474,69,0,0
BRDA:474,69,1,0
BRDA:475,70,0,0
BRDA:475,70,1,0
BRDA:476,71,0,0
BRDA:476,71,1,0
BRDA:516,72,0,0
BRDA:516,72,1,0
BRDA:530,73,0,0
BRDA:530,73,1,0
BRDA:541,74,0,0
BRDA:541,74,1,0
BRDA:562,75,0,0
BRDA:562,75,1,0
BRDA:563,76,0,0
BRDA:563,76,1,0
BRDA:564,77,0,0
BRDA:564,77,1,0
BRDA:565,78,0,0
BRDA:565,78,1,0
BRDA:566,79,0,0
BRDA:566,79,1,0
BRDA:567,80,0,0
BRDA:567,80,1,0
BRDA:568,81,0,0
BRDA:568,81,1,0
BRDA:569,82,0,0
BRDA:569,82,1,0
BRDA:569,83,0,0
BRDA:569,83,1,0
BRDA:572,84,0,0
BRDA:572,84,1,0
BRDA:583,85,0,0
BRDA:583,85,1,0
BRDA:584,86,0,0
BRDA:584,86,1,0
BRDA:585,87,0,0
BRDA:585,87,1,0
BRDA:586,88,0,0
BRDA:586,88,1,0
BRDA:587,89,0,0
BRDA:587,89,1,0
BRDA:588,90,0,0
BRDA:588,90,1,0
BRDA:589,91,0,0
BRDA:589,91,1,0
BRDA:590,92,0,0
BRDA:590,92,1,0
BRDA:596,93,0,0
BRDA:596,93,1,0
BRDA:596,94,0,0
BRDA:596,94,1,0
BRDA:609,95,0,0
BRDA:609,95,1,0
BRDA:611,96,0,0
BRDA:611,96,1,0
BRDA:649,97,0,0
BRDA:649,97,1,0
BRDA:656,98,0,0
BRDA:656,98,1,0
BRDA:656,99,0,0
BRDA:656,99,1,0
BRDA:663,100,0,0
BRDA:663,100,1,0
BRDA:663,101,0,0
BRDA:663,101,1,0
BRDA:670,102,0,0
BRDA:670,102,1,0
BRDA:670,103,0,0
BRDA:670,103,1,0
BRDA:684,104,0,0
BRDA:684,104,1,0
BRDA:684,105,0,0
BRDA:684,105,1,0
BRDA:684,105,2,0
BRDA:686,106,0,0
BRDA:686,106,1,0
BRDA:686,107,0,0
BRDA:686,107,1,0
BRDA:693,108,0,0
BRDA:693,108,1,0
BRDA:709,109,0,0
BRDA:709,109,1,0
BRDA:714,110,0,0
BRDA:714,110,1,0
BRDA:732,111,0,0
BRDA:732,111,1,0
BRDA:732,112,0,0
BRDA:732,112,1,0
BRDA:747,113,0,0
BRDA:747,113,1,0
BRDA:747,114,0,0
BRDA:747,114,1,0
BRDA:766,115,0,0
BRDA:766,115,1,0
BRDA:794,116,0,0
BRDA:794,116,1,0
BRDA:811,117,0,0
BRDA:811,117,1,0
BRDA:838,118,0,0
BRDA:838,118,1,0
BRDA:856,119,0,0
BRDA:856,119,1,0
BRDA:863,120,0,0
BRDA:863,120,1,0
BRDA:863,121,0,0
BRDA:863,121,1,0
BRDA:877,122,0,0
BRDA:877,122,1,0
BRDA:878,123,0,0
BRDA:878,123,1,0
BRDA:878,124,0,0
BRDA:878,124,1,0
BRDA:892,125,0,0
BRDA:892,125,1,0
BRDA:900,126,0,0
BRDA:900,126,1,0
BRDA:900,127,0,0
BRDA:900,127,1,0
BRDA:902,128,0,0
BRDA:902,128,1,0
BRDA:904,129,0,0
BRDA:904,129,1,0
BRDA:904,130,0,0
BRDA:904,130,1,0
BRDA:906,131,0,0
BRDA:906,131,1,0
BRDA:916,132,0,0
BRDA:916,132,1,0
BRDA:916,132,2,0
BRDA:922,133,0,0
BRDA:922,133,1,0
BRDA:922,134,0,0
BRDA:922,134,1,0
BRDA:925,135,0,0
BRDA:925,135,1,0
BRDA:925,136,0,0
BRDA:925,136,1,0
BRDA:928,137,0,0
BRDA:928,137,1,0
BRDA:928,138,0,0
BRDA:928,138,1,0
BRDA:931,139,0,0
BRDA:931,139,1,0
BRDA:931,140,0,0
BRDA:931,140,1,0
BRDA:953,141,0,0
BRDA:953,141,1,0
BRDA:963,142,0,0
BRDA:963,142,1,0
BRDA:975,143,0,0
BRDA:975,143,1,0
BRDA:976,144,0,0
BRDA:976,144,1,0
BRDA:977,145,0,0
BRDA:977,145,1,0
BRDA:982,146,0,0
BRDA:982,146,1,0
BRDA:986,147,0,0
BRDA:986,147,1,0
BRDA:992,148,0,0
BRDA:992,148,1,0
BRDA:996,149,0,0
BRDA:996,149,1,0
BRDA:996,150,0,0
BRDA:996,150,1,0
BRDA:998,151,0,0
BRDA:998,151,1,0
BRDA:1037,152,0,0
BRDA:1037,152,1,0
BRDA:1049,153,0,0
BRDA:1049,153,1,0
BRDA:1049,154,0,0
BRDA:1049,154,1,0
BRDA:1091,155,0,0
BRDA:1091,155,1,0
BRDA:1103,156,0,0
BRDA:1103,156,1,0
BRDA:1110,157,0,0
BRDA:1110,157,1,0
BRDA:1127,158,0,0
BRDA:1127,158,1,0
BRDA:1128,159,0,0
BRDA:1128,159,1,0
BRDA:1136,160,0,0
BRDA:1136,160,1,0
BRDA:1138,161,0,0
BRDA:1138,161,1,0
BRDA:1139,162,0,0
BRDA:1139,162,1,0
BRDA:1143,163,0,0
BRDA:1143,163,1,0
BRDA:1143,164,0,0
BRDA:1143,164,1,0
BRDA:1146,165,0,0
BRDA:1146,165,1,0
BRDA:1146,166,0,0
BRDA:1146,166,1,0
BRDA:1165,167,0,0
BRDA:1165,167,1,0
BRDA:1177,168,0,0
BRDA:1177,168,1,0
BRDA:1237,169,0,0
BRDA:1237,169,1,0
BRDA:1245,170,0,0
BRDA:1251,171,0,0
BRDA:1251,171,1,0
BRDA:1258,172,0,0
BRDA:1258,172,1,0
BRDA:1275,173,0,0
BRDA:1275,173,1,0
BRDA:1276,174,0,0
BRDA:1276,174,1,0
BRDA:1284,175,0,0
BRDA:1284,175,1,0
BRDA:1287,176,0,0
BRDA:1287,176,1,0
BRDA:1287,177,0,0
BRDA:1287,177,1,0
BRDA:1295,178,0,0
BRDA:1295,178,1,0
BRDA:1295,179,0,0
BRDA:1295,179,1,0
BRDA:1297,180,0,0
BRDA:1297,180,1,0
BRDA:1297,181,0,0
BRDA:1297,181,1,0
BRDA:1299,182,0,0
BRDA:1299,182,1,0
BRDA:1318,183,0,0
BRDA:1318,183,1,0
BRDA:1330,184,0,0
BRDA:1330,184,1,0
BRDA:1337,185,0,0
BRDA:1337,185,1,0
BRDA:1377,186,0,0
BRDA:1377,186,1,0
BRDA:1401,187,0,0
BRDA:1401,187,1,0
BRDA:1409,188,0,0
BRDA:1409,188,1,0
BRDA:1409,189,0,0
BRDA:1409,189,1,0
BRDA:1417,190,0,0
BRDA:1417,190,1,0
BRDA:1450,191,0,1
BRDA:1450,191,1,3
BRDA:1459,192,0,3
BRDA:1459,192,1,0
BRDA:1463,193,0,0
BRDA:1463,193,1,3
BRDA:1463,194,0,3
BRDA:1463,194,1,3
BRDA:1465,195,0,2
BRDA:1465,195,1,1
BRDA:1467,196,0,1
BRDA:1467,196,1,1
BRDA:1517,197,0,0
BRDA:1517,197,1,0
BRDA:1519,198,0,0
BRDA:1519,198,1,0
BRDA:1552,199,0,0
BRDA:1552,199,1,0
BRDA:1613,200,0,0
BRDA:1613,200,1,0
BRDA:1624,201,0,0
BRDA:1624,201,1,0
BRDA:1637,202,0,0
BRDA:1637,202,1,0
BRDA:1638,203,0,0
BRDA:1638,203,1,0
BRDA:1638,203,2,0
BRDA:1638,203,3,0
BRDA:1661,204,0,0
BRDA:1661,204,1,0
BRDA:1670,205,0,0
BRDA:1670,205,1,0
BRDA:1672,206,0,0
BRDA:1672,206,1,0
BRDA:1672,206,2,0
BRDA:1675,207,0,0
BRDA:1675,207,1,0
BRDA:1675,208,0,0
BRDA:1675,208,1,0
BRDA:1677,209,0,0
BRDA:1677,209,1,0
BRDA:1679,210,0,0
BRDA:1679,210,1,0
BRDA:1685,211,0,0
BRDA:1685,211,1,0
BRDA:1685,212,0,0
BRDA:1685,212,1,0
BRDA:1687,213,0,0
BRDA:1687,213,1,0
BRDA:1689,214,0,0
BRDA:1689,214,1,0
BRDA:1695,215,0,0
BRDA:1695,215,1,0
BRDA:1695,216,0,0
BRDA:1695,216,1,0
BRDA:1697,217,0,0
BRDA:1697,217,1,0
BRDA:1700,218,0,0
BRDA:1700,218,1,0
BRDA:1705,219,0,0
BRDA:1705,219,1,0
BRDA:1715,220,0,0
BRDA:1715,220,1,0
BRDA:1716,221,0,0
BRDA:1716,221,1,0
BRDA:1719,222,0,0
BRDA:1719,222,1,0
BRDA:1719,223,0,0
BRDA:1719,223,1,0
BRDA:1719,223,2,0
BRDA:1725,224,0,0
BRDA:1725,224,1,0
BRDA:1727,225,0,0
BRDA:1727,225,1,0
BRDA:1733,226,0,0
BRDA:1733,226,1,0
BRDA:1733,227,0,0
BRDA:1733,227,1,0
BRDA:1735,228,0,0
BRDA:1735,228,1,0
BRDA:1735,229,0,0
BRDA:1735,229,1,0
BRDA:1737,230,0,0
BRDA:1737,230,1,0
BRDA:1737,231,0,0
BRDA:1737,231,1,0
BRDA:1746,232,0,0
BRDA:1746,232,1,0
BRDA:1746,233,0,0
BRDA:1746,233,1,0
BRDA:1746,233,2,0
BRDA:1754,234,0,0
BRDA:1754,234,1,0
BRDA:1763,235,0,0
BRDA:1763,235,1,0
BRDA:1772,236,0,0
BRDA:1772,236,1,0
BRDA:1772,236,2,0
BRDA:1773,237,0,0
BRDA:1773,237,1,0
BRF:477
BRH:10
end_of_record
